<?xml version="1.0" encoding="UTF-8"?>
<testsuites>
	<testsuite name="TestAPIEndpoints-20241224192113" tests="7" file=".py" time="0.969" timestamp="2024-12-24T19:21:14" failures="6" errors="0" skipped="0">
		<testcase classname="TestAPIEndpoints" name="test_03_get_products" time="0.125" timestamp="2024-12-24T19:21:14" file="tests\test_api.py" line="57"/>
		<testcase classname="TestAPIEndpoints" name="test_01_register_user" time="0.063" timestamp="2024-12-24T19:21:13" file="tests\test_api.py" line="35">
			<failure type="AssertionError" message="400 != 201 : Response: {&quot;error&quot;:{&quot;email&quot;:[&quot;user with this email address already exists.&quot;]}}"><![CDATA[Traceback (most recent call last):
  File "d:\Siddartha Koppaka\Skyfab\backend\tests\test_api.py", line 45, in test_01_register_user
    self.assertEqual(response.status_code, 201, f"Response: {response.text}")
AssertionError: 400 != 201 : Response: {"error":{"email":["user with this email address already exists."]}}
]]></failure>
		</testcase>
		<testcase classname="TestAPIEndpoints" name="test_02_login_user" time="0.754" timestamp="2024-12-24T19:21:13" file="tests\test_api.py" line="48">
			<failure type="AssertionError" message="500 != 200 : Response: &lt;!DOCTYPE html&gt;
&lt;html lang=&quot;en&quot;&gt;
&lt;head&gt;
  &lt;meta http-equiv=&quot;content-type&quot; content=&quot;text/html; charset=utf-8&quot;&gt;
  &lt;meta name=&quot;robots&quot; content=&quot;NONE,NOARCHIVE&quot;&gt;
  &lt;title&gt;OperationalError
          at /api/v1/users/login/&lt;/title&gt;
  &lt;style type=&quot;text/css&quot;&gt;
    html * { padding:0; margin:0; }
    body * { padding:10px 20px; }
    body * * { padding:0; }
    body { font:small sans-serif; background-color:#fff; color:#000; }
    body&gt;div { border-bottom:1px solid #ddd; }
    h1 { font-weight:normal; }
    h2 { margin-bottom:.8em; }
    h3 { margin:1em 0 .5em 0; }
    h4 { margin:0 0 .5em 0; font-weight: normal; }
    code, pre { font-size: 100%; white-space: pre-wrap; word-break: break-word; }
    summary { cursor: pointer; }
    table { border:1px solid #ccc; border-collapse: collapse; width:100%; background:white; }
    tbody td, tbody th { vertical-align:top; padding:2px 3px; }
    thead th {
      padding:1px 6px 1px 3px; background:#fefefe; text-align:left;
      font-weight:normal; font-size:11px; border:1px solid #ddd;
    }
    tbody th { width:12em; text-align:right; color:#666; padding-right:.5em; }
    table.vars { margin:5px 10px 2px 40px; width: auto; }
    table.vars td, table.req td { font-family:monospace; }
    table td.code { width:100%; }
    table td.code pre { overflow:hidden; }
    table.source th { color:#666; }
    table.source td { font-family:monospace; white-space:pre; border-bottom:1px solid #eee; }
    ul.traceback { list-style-type:none; color: #222; }
    ul.traceback li.cause { word-break: break-word; }
    ul.traceback li.frame { padding-bottom:1em; color:#4f4f4f; }
    ul.traceback li.user { background-color:#e0e0e0; color:#000 }
    div.context { padding:10px 0; overflow:hidden; }
    div.context ol { padding-left:30px; margin:0 10px; list-style-position: inside; }
    div.context ol li { font-family:monospace; white-space:pre; color:#777; cursor:pointer; padding-left: 2px; }
    div.context ol li pre { display:inline; }
    div.context ol.context-line li { color:#464646; background-color:#dfdfdf; padding: 3px 2px; }
    div.context ol.context-line li span { position:absolute; right:32px; }
    .user div.context ol.context-line li { background-color:#bbb; color:#000; }
    .user div.context ol li { color:#666; }
    div.commands, summary.commands { margin-left: 40px; }
    div.commands a, summary.commands { color:#555; text-decoration:none; }
    .user div.commands a { color: black; }
    #summary { background: #ffc; }
    #summary h2 { font-weight: normal; color: #666; }
    #explanation { background:#eee; }
    #template, #template-not-exist { background:#f6f6f6; }
    #template-not-exist ul { margin: 0 0 10px 20px; }
    #template-not-exist .postmortem-section { margin-bottom: 3px; }
    #unicode-hint { background:#eee; }
    #traceback { background:#eee; }
    #requestinfo { background:#f6f6f6; padding-left:120px; }
    #summary table { border:none; background:transparent; }
    #requestinfo h2, #requestinfo h3 { position:relative; margin-left:-100px; }
    #requestinfo h3 { margin-bottom:-1em; }
    .error { background: #ffc; }
    .specific { color:#cc3300; font-weight:bold; }
    h2 span.commands { font-size:.7em; font-weight:normal; }
    span.commands a:link {color:#5E5694;}
    pre.exception_value { font-family: sans-serif; color: #575757; font-size: 1.5em; margin: 10px 0 10px 0; }
    .append-bottom { margin-bottom: 10px; }
    .fname { user-select: all; }
  &lt;/style&gt;
  
  &lt;script&gt;
    function hideAll(elems) {
      for (var e = 0; e &lt; elems.length; e++) {
        elems[e].style.display = 'none';
      }
    }
    window.onload = function() {
      hideAll(document.querySelectorAll('ol.pre-context'));
      hideAll(document.querySelectorAll('ol.post-context'));
      hideAll(document.querySelectorAll('div.pastebin'));
    }
    function toggle() {
      for (var i = 0; i &lt; arguments.length; i++) {
        var e = document.getElementById(arguments[i]);
        if (e) {
          e.style.display = e.style.display == 'none' ? 'block': 'none';
        }
      }
      return false;
    }
    function switchPastebinFriendly(link) {
      s1 = &quot;Switch to copy-and-paste view&quot;;
      s2 = &quot;Switch back to interactive view&quot;;
      link.textContent = link.textContent.trim() == s1 ? s2: s1;
      toggle('browserTraceback', 'pastebinTraceback');
      return false;
    }
  &lt;/script&gt;
  
&lt;/head&gt;
&lt;body&gt;
&lt;div id=&quot;summary&quot;&gt;
  &lt;h1&gt;OperationalError
       at /api/v1/users/login/&lt;/h1&gt;
  &lt;pre class=&quot;exception_value&quot;&gt;no such table: token_blacklist_outstandingtoken&lt;/pre&gt;
  &lt;table class=&quot;meta&quot;&gt;

    &lt;tr&gt;
      &lt;th&gt;Request Method:&lt;/th&gt;
      &lt;td&gt;POST&lt;/td&gt;
    &lt;/tr&gt;
    &lt;tr&gt;
      &lt;th&gt;Request URL:&lt;/th&gt;
      &lt;td&gt;http://127.0.0.1:8000/api/v1/users/login/&lt;/td&gt;
    &lt;/tr&gt;

    &lt;tr&gt;
      &lt;th&gt;Django Version:&lt;/th&gt;
      &lt;td&gt;5.0.1&lt;/td&gt;
    &lt;/tr&gt;

    &lt;tr&gt;
      &lt;th&gt;Exception Type:&lt;/th&gt;
      &lt;td&gt;OperationalError&lt;/td&gt;
    &lt;/tr&gt;


    &lt;tr&gt;
      &lt;th&gt;Exception Value:&lt;/th&gt;
      &lt;td&gt;&lt;pre&gt;no such table: token_blacklist_outstandingtoken&lt;/pre&gt;&lt;/td&gt;
    &lt;/tr&gt;


    &lt;tr&gt;
      &lt;th&gt;Exception Location:&lt;/th&gt;
      &lt;td&gt;&lt;span class=&quot;fname&quot;&gt;C:\Python312\Lib\site-packages\django\db\backends\sqlite3\base.py&lt;/span&gt;, line 328, in execute&lt;/td&gt;
    &lt;/tr&gt;


    &lt;tr&gt;
      &lt;th&gt;Raised during:&lt;/th&gt;
      &lt;td&gt;users.views.LoginView&lt;/td&gt;
    &lt;/tr&gt;

    &lt;tr&gt;
      &lt;th&gt;Python Executable:&lt;/th&gt;
      &lt;td&gt;C:\Python312\python.exe&lt;/td&gt;
    &lt;/tr&gt;
    &lt;tr&gt;
      &lt;th&gt;Python Version:&lt;/th&gt;
      &lt;td&gt;3.12.1&lt;/td&gt;
    &lt;/tr&gt;
    &lt;tr&gt;
      &lt;th&gt;Python Path:&lt;/th&gt;
      &lt;td&gt;&lt;pre&gt;[&amp;#x27;D:\\Siddartha Koppaka\\Skyfab\\backend&amp;#x27;,
 &amp;#x27;C:\\Python312\\python312.zip&amp;#x27;,
 &amp;#x27;C:\\Python312\\DLLs&amp;#x27;,
 &amp;#x27;C:\\Python312\\Lib&amp;#x27;,
 &amp;#x27;C:\\Python312&amp;#x27;,
 &amp;#x27;C:\\Users\\siddu\\AppData\\Roaming\\Python\\Python312\\site-packages&amp;#x27;,
 &amp;#x27;C:\\Users\\siddu\\AppData\\Roaming\\Python\\Python312\\site-packages\\win32&amp;#x27;,
 &amp;#x27;C:\\Users\\siddu\\AppData\\Roaming\\Python\\Python312\\site-packages\\win32\\lib&amp;#x27;,
 &amp;#x27;C:\\Users\\siddu\\AppData\\Roaming\\Python\\Python312\\site-packages\\Pythonwin&amp;#x27;,
 &amp;#x27;C:\\Python312\\Lib\\site-packages&amp;#x27;]&lt;/pre&gt;&lt;/td&gt;
    &lt;/tr&gt;
    &lt;tr&gt;
      &lt;th&gt;Server time:&lt;/th&gt;
      &lt;td&gt;Wed, 25 Dec 2024 00:21:13 +0000&lt;/td&gt;
    &lt;/tr&gt;
  &lt;/table&gt;
&lt;/div&gt;




&lt;div id=&quot;traceback&quot;&gt;
  &lt;h2&gt;Traceback &lt;span class=&quot;commands&quot;&gt;&lt;a href=&quot;#&quot; onclick=&quot;return switchPastebinFriendly(this);&quot;&gt;
    Switch to copy-and-paste view&lt;/a&gt;&lt;/span&gt;
  &lt;/h2&gt;
  &lt;div id=&quot;browserTraceback&quot;&gt;
    &lt;ul class=&quot;traceback&quot;&gt;
      
        
        &lt;li class=&quot;frame django&quot;&gt;
          
            &lt;code class=&quot;fname&quot;&gt;C:\Python312\Lib\site-packages\django\db\backends\utils.py&lt;/code&gt;, line 105, in _execute
          

          
            &lt;div class=&quot;context&quot; id=&quot;c1961272152832&quot;&gt;
              
                &lt;ol start=&quot;98&quot; class=&quot;pre-context&quot; id=&quot;pre1961272152832&quot;&gt;
                
                  &lt;li onclick=&quot;toggle('pre1961272152832', 'post1961272152832')&quot;&gt;&lt;pre&gt;            warnings.warn(self.APPS_NOT_READY_WARNING_MSG, category=RuntimeWarning)&lt;/pre&gt;&lt;/li&gt;
                
                  &lt;li onclick=&quot;toggle('pre1961272152832', 'post1961272152832')&quot;&gt;&lt;pre&gt;        self.db.validate_no_broken_transaction()&lt;/pre&gt;&lt;/li&gt;
                
                  &lt;li onclick=&quot;toggle('pre1961272152832', 'post1961272152832')&quot;&gt;&lt;pre&gt;        with self.db.wrap_database_errors:&lt;/pre&gt;&lt;/li&gt;
                
                  &lt;li onclick=&quot;toggle('pre1961272152832', 'post1961272152832')&quot;&gt;&lt;pre&gt;            if params is None:&lt;/pre&gt;&lt;/li&gt;
                
                  &lt;li onclick=&quot;toggle('pre1961272152832', 'post1961272152832')&quot;&gt;&lt;pre&gt;                # params default might be backend specific.&lt;/pre&gt;&lt;/li&gt;
                
                  &lt;li onclick=&quot;toggle('pre1961272152832', 'post1961272152832')&quot;&gt;&lt;pre&gt;                return self.cursor.execute(sql)&lt;/pre&gt;&lt;/li&gt;
                
                  &lt;li onclick=&quot;toggle('pre1961272152832', 'post1961272152832')&quot;&gt;&lt;pre&gt;            else:&lt;/pre&gt;&lt;/li&gt;
                
                &lt;/ol&gt;
              
              &lt;ol start=&quot;105&quot; class=&quot;context-line&quot;&gt;
                &lt;li onclick=&quot;toggle('pre1961272152832', 'post1961272152832')&quot;&gt;&lt;pre&gt;                return self.cursor.execute(sql, params)
                            ^^^^^^^^^^^^^^^^^^^^^^^^^^^^^^^^&lt;/pre&gt; &lt;span&gt;…&lt;/span&gt;&lt;/li&gt;
              &lt;/ol&gt;
              
                &lt;ol start='106' class=&quot;post-context&quot; id=&quot;post1961272152832&quot;&gt;
                  
                  &lt;li onclick=&quot;toggle('pre1961272152832', 'post1961272152832')&quot;&gt;&lt;pre&gt;&lt;/pre&gt;&lt;/li&gt;
                  
                  &lt;li onclick=&quot;toggle('pre1961272152832', 'post1961272152832')&quot;&gt;&lt;pre&gt;    def _executemany(self, sql, param_list, *ignored_wrapper_args):&lt;/pre&gt;&lt;/li&gt;
                  
                  &lt;li onclick=&quot;toggle('pre1961272152832', 'post1961272152832')&quot;&gt;&lt;pre&gt;        # Raise a warning during app initialization (stored_app_configs is only&lt;/pre&gt;&lt;/li&gt;
                  
                  &lt;li onclick=&quot;toggle('pre1961272152832', 'post1961272152832')&quot;&gt;&lt;pre&gt;        # ever set during testing).&lt;/pre&gt;&lt;/li&gt;
                  
                  &lt;li onclick=&quot;toggle('pre1961272152832', 'post1961272152832')&quot;&gt;&lt;pre&gt;        if not apps.ready and not apps.stored_app_configs:&lt;/pre&gt;&lt;/li&gt;
                  
                  &lt;li onclick=&quot;toggle('pre1961272152832', 'post1961272152832')&quot;&gt;&lt;pre&gt;            warnings.warn(self.APPS_NOT_READY_WARNING_MSG, category=RuntimeWarning)&lt;/pre&gt;&lt;/li&gt;
                  
              &lt;/ol&gt;
              
            &lt;/div&gt;
          

          
            
              &lt;details&gt;
                &lt;summary class=&quot;commands&quot;&gt;Local vars&lt;/summary&gt;
            
            &lt;table class=&quot;vars&quot; id=&quot;v1961272152832&quot;&gt;
              &lt;thead&gt;
                &lt;tr&gt;
                  &lt;th&gt;Variable&lt;/th&gt;
                  &lt;th&gt;Value&lt;/th&gt;
                &lt;/tr&gt;
              &lt;/thead&gt;
              &lt;tbody&gt;
                
                  &lt;tr&gt;
                    &lt;td&gt;ignored_wrapper_args&lt;/td&gt;
                    &lt;td class=&quot;code&quot;&gt;&lt;pre&gt;(False,
 {&amp;#x27;connection&amp;#x27;: &amp;lt;DatabaseWrapper vendor=&amp;#x27;sqlite&amp;#x27; alias=&amp;#x27;default&amp;#x27;&amp;gt;,
  &amp;#x27;cursor&amp;#x27;: &amp;lt;django.db.backends.utils.CursorDebugWrapper object at 0x000001C8A4983E30&amp;gt;})&lt;/pre&gt;&lt;/td&gt;
                  &lt;/tr&gt;
                
                  &lt;tr&gt;
                    &lt;td&gt;params&lt;/td&gt;
                    &lt;td class=&quot;code&quot;&gt;&lt;pre&gt;(10,
 &amp;#x27;ffe446f887a246418ce8c94f024f0137&amp;#x27;,
 &amp;#x27;eyJhbGciOiJIUzI1NiIsInR5cCI6IkpXVCJ9.eyJ0b2tlbl90eXBlIjoicmVmcmVzaCIsImV4cCI6MTczNTE3MjQ3MywiaWF0IjoxNzM1MDg2MDczLCJqdGkiOiJmZmU0NDZmODg3YTI0NjQxOGNlOGM5NGYwMjRmMDEzNyIsInVzZXJfaWQiOjEwfQ.rhPlcbuz7TcbpDOr3iA4qdq3rpxv3eX7i_aNypJVClI&amp;#x27;,
 &amp;#x27;2024-12-25 00:21:13.751062&amp;#x27;,
 &amp;#x27;2024-12-26 00:21:13&amp;#x27;)&lt;/pre&gt;&lt;/td&gt;
                  &lt;/tr&gt;
                
                  &lt;tr&gt;
                    &lt;td&gt;self&lt;/td&gt;
                    &lt;td class=&quot;code&quot;&gt;&lt;pre&gt;&amp;lt;django.db.backends.utils.CursorDebugWrapper object at 0x000001C8A4983E30&amp;gt;&lt;/pre&gt;&lt;/td&gt;
                  &lt;/tr&gt;
                
                  &lt;tr&gt;
                    &lt;td&gt;sql&lt;/td&gt;
                    &lt;td class=&quot;code&quot;&gt;&lt;pre&gt;(&amp;#x27;INSERT INTO &amp;quot;token_blacklist_outstandingtoken&amp;quot; (&amp;quot;user_id&amp;quot;, &amp;quot;jti&amp;quot;, &amp;quot;token&amp;quot;, &amp;#x27;
 &amp;#x27;&amp;quot;created_at&amp;quot;, &amp;quot;expires_at&amp;quot;) VALUES (%s, %s, %s, %s, %s) RETURNING &amp;#x27;
 &amp;#x27;&amp;quot;token_blacklist_outstandingtoken&amp;quot;.&amp;quot;id&amp;quot;&amp;#x27;)&lt;/pre&gt;&lt;/td&gt;
                  &lt;/tr&gt;
                
              &lt;/tbody&gt;
            &lt;/table&gt;
            &lt;/details&gt;
          
        &lt;/li&gt;
      
        
        &lt;li class=&quot;frame django&quot;&gt;
          
            &lt;code class=&quot;fname&quot;&gt;C:\Python312\Lib\site-packages\django\db\backends\sqlite3\base.py&lt;/code&gt;, line 328, in execute
          

          
            &lt;div class=&quot;context&quot; id=&quot;c1961272151232&quot;&gt;
              
                &lt;ol start=&quot;321&quot; class=&quot;pre-context&quot; id=&quot;pre1961272151232&quot;&gt;
                
                  &lt;li onclick=&quot;toggle('pre1961272151232', 'post1961272151232')&quot;&gt;&lt;pre&gt;&lt;/pre&gt;&lt;/li&gt;
                
                  &lt;li onclick=&quot;toggle('pre1961272151232', 'post1961272151232')&quot;&gt;&lt;pre&gt;    def execute(self, query, params=None):&lt;/pre&gt;&lt;/li&gt;
                
                  &lt;li onclick=&quot;toggle('pre1961272151232', 'post1961272151232')&quot;&gt;&lt;pre&gt;        if params is None:&lt;/pre&gt;&lt;/li&gt;
                
                  &lt;li onclick=&quot;toggle('pre1961272151232', 'post1961272151232')&quot;&gt;&lt;pre&gt;            return super().execute(query)&lt;/pre&gt;&lt;/li&gt;
                
                  &lt;li onclick=&quot;toggle('pre1961272151232', 'post1961272151232')&quot;&gt;&lt;pre&gt;        # Extract names if params is a mapping, i.e. &amp;quot;pyformat&amp;quot; style is used.&lt;/pre&gt;&lt;/li&gt;
                
                  &lt;li onclick=&quot;toggle('pre1961272151232', 'post1961272151232')&quot;&gt;&lt;pre&gt;        param_names = list(params) if isinstance(params, Mapping) else None&lt;/pre&gt;&lt;/li&gt;
                
                  &lt;li onclick=&quot;toggle('pre1961272151232', 'post1961272151232')&quot;&gt;&lt;pre&gt;        query = self.convert_query(query, param_names=param_names)&lt;/pre&gt;&lt;/li&gt;
                
                &lt;/ol&gt;
              
              &lt;ol start=&quot;328&quot; class=&quot;context-line&quot;&gt;
                &lt;li onclick=&quot;toggle('pre1961272151232', 'post1961272151232')&quot;&gt;&lt;pre&gt;        return super().execute(query, params)
                    ^^^^^^^^^^^^^^^^^^^^^^^^^^^^^^&lt;/pre&gt; &lt;span&gt;…&lt;/span&gt;&lt;/li&gt;
              &lt;/ol&gt;
              
                &lt;ol start='329' class=&quot;post-context&quot; id=&quot;post1961272151232&quot;&gt;
                  
                  &lt;li onclick=&quot;toggle('pre1961272151232', 'post1961272151232')&quot;&gt;&lt;pre&gt;&lt;/pre&gt;&lt;/li&gt;
                  
                  &lt;li onclick=&quot;toggle('pre1961272151232', 'post1961272151232')&quot;&gt;&lt;pre&gt;    def executemany(self, query, param_list):&lt;/pre&gt;&lt;/li&gt;
                  
                  &lt;li onclick=&quot;toggle('pre1961272151232', 'post1961272151232')&quot;&gt;&lt;pre&gt;        # Extract names if params is a mapping, i.e. &amp;quot;pyformat&amp;quot; style is used.&lt;/pre&gt;&lt;/li&gt;
                  
                  &lt;li onclick=&quot;toggle('pre1961272151232', 'post1961272151232')&quot;&gt;&lt;pre&gt;        # Peek carefully as a generator can be passed instead of a list/tuple.&lt;/pre&gt;&lt;/li&gt;
                  
                  &lt;li onclick=&quot;toggle('pre1961272151232', 'post1961272151232')&quot;&gt;&lt;pre&gt;        peekable, param_list = tee(iter(param_list))&lt;/pre&gt;&lt;/li&gt;
                  
                  &lt;li onclick=&quot;toggle('pre1961272151232', 'post1961272151232')&quot;&gt;&lt;pre&gt;        if (params := next(peekable, None)) and isinstance(params, Mapping):&lt;/pre&gt;&lt;/li&gt;
                  
              &lt;/ol&gt;
              
            &lt;/div&gt;
          

          
            
              &lt;details&gt;
                &lt;summary class=&quot;commands&quot;&gt;Local vars&lt;/summary&gt;
            
            &lt;table class=&quot;vars&quot; id=&quot;v1961272151232&quot;&gt;
              &lt;thead&gt;
                &lt;tr&gt;
                  &lt;th&gt;Variable&lt;/th&gt;
                  &lt;th&gt;Value&lt;/th&gt;
                &lt;/tr&gt;
              &lt;/thead&gt;
              &lt;tbody&gt;
                
                  &lt;tr&gt;
                    &lt;td&gt;__class__&lt;/td&gt;
                    &lt;td class=&quot;code&quot;&gt;&lt;pre&gt;&amp;lt;class &amp;#x27;django.db.backends.sqlite3.base.SQLiteCursorWrapper&amp;#x27;&amp;gt;&lt;/pre&gt;&lt;/td&gt;
                  &lt;/tr&gt;
                
                  &lt;tr&gt;
                    &lt;td&gt;param_names&lt;/td&gt;
                    &lt;td class=&quot;code&quot;&gt;&lt;pre&gt;None&lt;/pre&gt;&lt;/td&gt;
                  &lt;/tr&gt;
                
                  &lt;tr&gt;
                    &lt;td&gt;params&lt;/td&gt;
                    &lt;td class=&quot;code&quot;&gt;&lt;pre&gt;(10,
 &amp;#x27;ffe446f887a246418ce8c94f024f0137&amp;#x27;,
 &amp;#x27;eyJhbGciOiJIUzI1NiIsInR5cCI6IkpXVCJ9.eyJ0b2tlbl90eXBlIjoicmVmcmVzaCIsImV4cCI6MTczNTE3MjQ3MywiaWF0IjoxNzM1MDg2MDczLCJqdGkiOiJmZmU0NDZmODg3YTI0NjQxOGNlOGM5NGYwMjRmMDEzNyIsInVzZXJfaWQiOjEwfQ.rhPlcbuz7TcbpDOr3iA4qdq3rpxv3eX7i_aNypJVClI&amp;#x27;,
 &amp;#x27;2024-12-25 00:21:13.751062&amp;#x27;,
 &amp;#x27;2024-12-26 00:21:13&amp;#x27;)&lt;/pre&gt;&lt;/td&gt;
                  &lt;/tr&gt;
                
                  &lt;tr&gt;
                    &lt;td&gt;query&lt;/td&gt;
                    &lt;td class=&quot;code&quot;&gt;&lt;pre&gt;(&amp;#x27;INSERT INTO &amp;quot;token_blacklist_outstandingtoken&amp;quot; (&amp;quot;user_id&amp;quot;, &amp;quot;jti&amp;quot;, &amp;quot;token&amp;quot;, &amp;#x27;
 &amp;#x27;&amp;quot;created_at&amp;quot;, &amp;quot;expires_at&amp;quot;) VALUES (?, ?, ?, ?, ?) RETURNING &amp;#x27;
 &amp;#x27;&amp;quot;token_blacklist_outstandingtoken&amp;quot;.&amp;quot;id&amp;quot;&amp;#x27;)&lt;/pre&gt;&lt;/td&gt;
                  &lt;/tr&gt;
                
                  &lt;tr&gt;
                    &lt;td&gt;self&lt;/td&gt;
                    &lt;td class=&quot;code&quot;&gt;&lt;pre&gt;&amp;lt;django.db.backends.sqlite3.base.SQLiteCursorWrapper object at 0x000001C8A4E62960&amp;gt;&lt;/pre&gt;&lt;/td&gt;
                  &lt;/tr&gt;
                
              &lt;/tbody&gt;
            &lt;/table&gt;
            &lt;/details&gt;
          
        &lt;/li&gt;
      
        
          &lt;li class=&quot;cause&quot;&gt;&lt;h3&gt;
          
            The above exception (no such table: token_blacklist_outstandingtoken) was the direct cause of the following exception:
          
        &lt;/h3&gt;&lt;/li&gt;
        
        &lt;li class=&quot;frame django&quot;&gt;
          
            &lt;code class=&quot;fname&quot;&gt;C:\Python312\Lib\site-packages\django\core\handlers\exception.py&lt;/code&gt;, line 55, in inner
          

          
            &lt;div class=&quot;context&quot; id=&quot;c1961272154240&quot;&gt;
              
                &lt;ol start=&quot;48&quot; class=&quot;pre-context&quot; id=&quot;pre1961272154240&quot;&gt;
                
                  &lt;li onclick=&quot;toggle('pre1961272154240', 'post1961272154240')&quot;&gt;&lt;pre&gt;&lt;/pre&gt;&lt;/li&gt;
                
                  &lt;li onclick=&quot;toggle('pre1961272154240', 'post1961272154240')&quot;&gt;&lt;pre&gt;        return inner&lt;/pre&gt;&lt;/li&gt;
                
                  &lt;li onclick=&quot;toggle('pre1961272154240', 'post1961272154240')&quot;&gt;&lt;pre&gt;    else:&lt;/pre&gt;&lt;/li&gt;
                
                  &lt;li onclick=&quot;toggle('pre1961272154240', 'post1961272154240')&quot;&gt;&lt;pre&gt;&lt;/pre&gt;&lt;/li&gt;
                
                  &lt;li onclick=&quot;toggle('pre1961272154240', 'post1961272154240')&quot;&gt;&lt;pre&gt;        @wraps(get_response)&lt;/pre&gt;&lt;/li&gt;
                
                  &lt;li onclick=&quot;toggle('pre1961272154240', 'post1961272154240')&quot;&gt;&lt;pre&gt;        def inner(request):&lt;/pre&gt;&lt;/li&gt;
                
                  &lt;li onclick=&quot;toggle('pre1961272154240', 'post1961272154240')&quot;&gt;&lt;pre&gt;            try:&lt;/pre&gt;&lt;/li&gt;
                
                &lt;/ol&gt;
              
              &lt;ol start=&quot;55&quot; class=&quot;context-line&quot;&gt;
                &lt;li onclick=&quot;toggle('pre1961272154240', 'post1961272154240')&quot;&gt;&lt;pre&gt;                response = get_response(request)
                               ^^^^^^^^^^^^^^^^^^^^^&lt;/pre&gt; &lt;span&gt;…&lt;/span&gt;&lt;/li&gt;
              &lt;/ol&gt;
              
                &lt;ol start='56' class=&quot;post-context&quot; id=&quot;post1961272154240&quot;&gt;
                  
                  &lt;li onclick=&quot;toggle('pre1961272154240', 'post1961272154240')&quot;&gt;&lt;pre&gt;            except Exception as exc:&lt;/pre&gt;&lt;/li&gt;
                  
                  &lt;li onclick=&quot;toggle('pre1961272154240', 'post1961272154240')&quot;&gt;&lt;pre&gt;                response = response_for_exception(request, exc)&lt;/pre&gt;&lt;/li&gt;
                  
                  &lt;li onclick=&quot;toggle('pre1961272154240', 'post1961272154240')&quot;&gt;&lt;pre&gt;            return response&lt;/pre&gt;&lt;/li&gt;
                  
                  &lt;li onclick=&quot;toggle('pre1961272154240', 'post1961272154240')&quot;&gt;&lt;pre&gt;&lt;/pre&gt;&lt;/li&gt;
                  
                  &lt;li onclick=&quot;toggle('pre1961272154240', 'post1961272154240')&quot;&gt;&lt;pre&gt;        return inner&lt;/pre&gt;&lt;/li&gt;
                  
                  &lt;li onclick=&quot;toggle('pre1961272154240', 'post1961272154240')&quot;&gt;&lt;pre&gt;&lt;/pre&gt;&lt;/li&gt;
                  
              &lt;/ol&gt;
              
            &lt;/div&gt;
          

          
            
              &lt;details&gt;
                &lt;summary class=&quot;commands&quot;&gt;Local vars&lt;/summary&gt;
            
            &lt;table class=&quot;vars&quot; id=&quot;v1961272154240&quot;&gt;
              &lt;thead&gt;
                &lt;tr&gt;
                  &lt;th&gt;Variable&lt;/th&gt;
                  &lt;th&gt;Value&lt;/th&gt;
                &lt;/tr&gt;
              &lt;/thead&gt;
              &lt;tbody&gt;
                
                  &lt;tr&gt;
                    &lt;td&gt;exc&lt;/td&gt;
                    &lt;td class=&quot;code&quot;&gt;&lt;pre&gt;OperationalError(&amp;#x27;no such table: token_blacklist_outstandingtoken&amp;#x27;)&lt;/pre&gt;&lt;/td&gt;
                  &lt;/tr&gt;
                
                  &lt;tr&gt;
                    &lt;td&gt;get_response&lt;/td&gt;
                    &lt;td class=&quot;code&quot;&gt;&lt;pre&gt;&amp;lt;bound method BaseHandler._get_response of &amp;lt;django.core.handlers.wsgi.WSGIHandler object at 0x000001C8A2A0B170&amp;gt;&amp;gt;&lt;/pre&gt;&lt;/td&gt;
                  &lt;/tr&gt;
                
                  &lt;tr&gt;
                    &lt;td&gt;request&lt;/td&gt;
                    &lt;td class=&quot;code&quot;&gt;&lt;pre&gt;&amp;lt;WSGIRequest: POST &amp;#x27;/api/v1/users/login/&amp;#x27;&amp;gt;&lt;/pre&gt;&lt;/td&gt;
                  &lt;/tr&gt;
                
              &lt;/tbody&gt;
            &lt;/table&gt;
            &lt;/details&gt;
          
        &lt;/li&gt;
      
        
        &lt;li class=&quot;frame django&quot;&gt;
          
            &lt;code class=&quot;fname&quot;&gt;C:\Python312\Lib\site-packages\django\core\handlers\base.py&lt;/code&gt;, line 197, in _get_response
          

          
            &lt;div class=&quot;context&quot; id=&quot;c1961272154176&quot;&gt;
              
                &lt;ol start=&quot;190&quot; class=&quot;pre-context&quot; id=&quot;pre1961272154176&quot;&gt;
                
                  &lt;li onclick=&quot;toggle('pre1961272154176', 'post1961272154176')&quot;&gt;&lt;pre&gt;&lt;/pre&gt;&lt;/li&gt;
                
                  &lt;li onclick=&quot;toggle('pre1961272154176', 'post1961272154176')&quot;&gt;&lt;pre&gt;        if response is None:&lt;/pre&gt;&lt;/li&gt;
                
                  &lt;li onclick=&quot;toggle('pre1961272154176', 'post1961272154176')&quot;&gt;&lt;pre&gt;            wrapped_callback = self.make_view_atomic(callback)&lt;/pre&gt;&lt;/li&gt;
                
                  &lt;li onclick=&quot;toggle('pre1961272154176', 'post1961272154176')&quot;&gt;&lt;pre&gt;            # If it is an asynchronous view, run it in a subthread.&lt;/pre&gt;&lt;/li&gt;
                
                  &lt;li onclick=&quot;toggle('pre1961272154176', 'post1961272154176')&quot;&gt;&lt;pre&gt;            if iscoroutinefunction(wrapped_callback):&lt;/pre&gt;&lt;/li&gt;
                
                  &lt;li onclick=&quot;toggle('pre1961272154176', 'post1961272154176')&quot;&gt;&lt;pre&gt;                wrapped_callback = async_to_sync(wrapped_callback)&lt;/pre&gt;&lt;/li&gt;
                
                  &lt;li onclick=&quot;toggle('pre1961272154176', 'post1961272154176')&quot;&gt;&lt;pre&gt;            try:&lt;/pre&gt;&lt;/li&gt;
                
                &lt;/ol&gt;
              
              &lt;ol start=&quot;197&quot; class=&quot;context-line&quot;&gt;
                &lt;li onclick=&quot;toggle('pre1961272154176', 'post1961272154176')&quot;&gt;&lt;pre&gt;                response = wrapped_callback(request, *callback_args, **callback_kwargs)
                                ^^^^^^^^^^^^^^^^^^^^^^^^^^^^^^^^^^^^^^^^^^^^^^^^^^^^^^^^^^^^&lt;/pre&gt; &lt;span&gt;…&lt;/span&gt;&lt;/li&gt;
              &lt;/ol&gt;
              
                &lt;ol start='198' class=&quot;post-context&quot; id=&quot;post1961272154176&quot;&gt;
                  
                  &lt;li onclick=&quot;toggle('pre1961272154176', 'post1961272154176')&quot;&gt;&lt;pre&gt;            except Exception as e:&lt;/pre&gt;&lt;/li&gt;
                  
                  &lt;li onclick=&quot;toggle('pre1961272154176', 'post1961272154176')&quot;&gt;&lt;pre&gt;                response = self.process_exception_by_middleware(e, request)&lt;/pre&gt;&lt;/li&gt;
                  
                  &lt;li onclick=&quot;toggle('pre1961272154176', 'post1961272154176')&quot;&gt;&lt;pre&gt;                if response is None:&lt;/pre&gt;&lt;/li&gt;
                  
                  &lt;li onclick=&quot;toggle('pre1961272154176', 'post1961272154176')&quot;&gt;&lt;pre&gt;                    raise&lt;/pre&gt;&lt;/li&gt;
                  
                  &lt;li onclick=&quot;toggle('pre1961272154176', 'post1961272154176')&quot;&gt;&lt;pre&gt;&lt;/pre&gt;&lt;/li&gt;
                  
                  &lt;li onclick=&quot;toggle('pre1961272154176', 'post1961272154176')&quot;&gt;&lt;pre&gt;        # Complain if the view returned None (a common error).&lt;/pre&gt;&lt;/li&gt;
                  
              &lt;/ol&gt;
              
            &lt;/div&gt;
          

          
            
              &lt;details&gt;
                &lt;summary class=&quot;commands&quot;&gt;Local vars&lt;/summary&gt;
            
            &lt;table class=&quot;vars&quot; id=&quot;v1961272154176&quot;&gt;
              &lt;thead&gt;
                &lt;tr&gt;
                  &lt;th&gt;Variable&lt;/th&gt;
                  &lt;th&gt;Value&lt;/th&gt;
                &lt;/tr&gt;
              &lt;/thead&gt;
              &lt;tbody&gt;
                
                  &lt;tr&gt;
                    &lt;td&gt;callback&lt;/td&gt;
                    &lt;td class=&quot;code&quot;&gt;&lt;pre&gt;&amp;lt;function View.as_view.&amp;lt;locals&amp;gt;.view at 0x000001C8A3731DA0&amp;gt;&lt;/pre&gt;&lt;/td&gt;
                  &lt;/tr&gt;
                
                  &lt;tr&gt;
                    &lt;td&gt;callback_args&lt;/td&gt;
                    &lt;td class=&quot;code&quot;&gt;&lt;pre&gt;()&lt;/pre&gt;&lt;/td&gt;
                  &lt;/tr&gt;
                
                  &lt;tr&gt;
                    &lt;td&gt;callback_kwargs&lt;/td&gt;
                    &lt;td class=&quot;code&quot;&gt;&lt;pre&gt;{}&lt;/pre&gt;&lt;/td&gt;
                  &lt;/tr&gt;
                
                  &lt;tr&gt;
                    &lt;td&gt;middleware_method&lt;/td&gt;
                    &lt;td class=&quot;code&quot;&gt;&lt;pre&gt;&amp;lt;bound method CsrfViewMiddleware.process_view of &amp;lt;CsrfViewMiddleware get_response=convert_exception_to_response.&amp;lt;locals&amp;gt;.inner&amp;gt;&amp;gt;&lt;/pre&gt;&lt;/td&gt;
                  &lt;/tr&gt;
                
                  &lt;tr&gt;
                    &lt;td&gt;request&lt;/td&gt;
                    &lt;td class=&quot;code&quot;&gt;&lt;pre&gt;&amp;lt;WSGIRequest: POST &amp;#x27;/api/v1/users/login/&amp;#x27;&amp;gt;&lt;/pre&gt;&lt;/td&gt;
                  &lt;/tr&gt;
                
                  &lt;tr&gt;
                    &lt;td&gt;response&lt;/td&gt;
                    &lt;td class=&quot;code&quot;&gt;&lt;pre&gt;None&lt;/pre&gt;&lt;/td&gt;
                  &lt;/tr&gt;
                
                  &lt;tr&gt;
                    &lt;td&gt;self&lt;/td&gt;
                    &lt;td class=&quot;code&quot;&gt;&lt;pre&gt;&amp;lt;django.core.handlers.wsgi.WSGIHandler object at 0x000001C8A2A0B170&amp;gt;&lt;/pre&gt;&lt;/td&gt;
                  &lt;/tr&gt;
                
                  &lt;tr&gt;
                    &lt;td&gt;wrapped_callback&lt;/td&gt;
                    &lt;td class=&quot;code&quot;&gt;&lt;pre&gt;&amp;lt;function View.as_view.&amp;lt;locals&amp;gt;.view at 0x000001C8A3731DA0&amp;gt;&lt;/pre&gt;&lt;/td&gt;
                  &lt;/tr&gt;
                
              &lt;/tbody&gt;
            &lt;/table&gt;
            &lt;/details&gt;
          
        &lt;/li&gt;
      
        
        &lt;li class=&quot;frame django&quot;&gt;
          
            &lt;code class=&quot;fname&quot;&gt;C:\Python312\Lib\site-packages\django\views\decorators\csrf.py&lt;/code&gt;, line 65, in _view_wrapper
          

          
            &lt;div class=&quot;context&quot; id=&quot;c1961272154112&quot;&gt;
              
                &lt;ol start=&quot;58&quot; class=&quot;pre-context&quot; id=&quot;pre1961272154112&quot;&gt;
                
                  &lt;li onclick=&quot;toggle('pre1961272154112', 'post1961272154112')&quot;&gt;&lt;pre&gt;&lt;/pre&gt;&lt;/li&gt;
                
                  &lt;li onclick=&quot;toggle('pre1961272154112', 'post1961272154112')&quot;&gt;&lt;pre&gt;        async def _view_wrapper(request, *args, **kwargs):&lt;/pre&gt;&lt;/li&gt;
                
                  &lt;li onclick=&quot;toggle('pre1961272154112', 'post1961272154112')&quot;&gt;&lt;pre&gt;            return await view_func(request, *args, **kwargs)&lt;/pre&gt;&lt;/li&gt;
                
                  &lt;li onclick=&quot;toggle('pre1961272154112', 'post1961272154112')&quot;&gt;&lt;pre&gt;&lt;/pre&gt;&lt;/li&gt;
                
                  &lt;li onclick=&quot;toggle('pre1961272154112', 'post1961272154112')&quot;&gt;&lt;pre&gt;    else:&lt;/pre&gt;&lt;/li&gt;
                
                  &lt;li onclick=&quot;toggle('pre1961272154112', 'post1961272154112')&quot;&gt;&lt;pre&gt;&lt;/pre&gt;&lt;/li&gt;
                
                  &lt;li onclick=&quot;toggle('pre1961272154112', 'post1961272154112')&quot;&gt;&lt;pre&gt;        def _view_wrapper(request, *args, **kwargs):&lt;/pre&gt;&lt;/li&gt;
                
                &lt;/ol&gt;
              
              &lt;ol start=&quot;65&quot; class=&quot;context-line&quot;&gt;
                &lt;li onclick=&quot;toggle('pre1961272154112', 'post1961272154112')&quot;&gt;&lt;pre&gt;            return view_func(request, *args, **kwargs)
                       ^^^^^^^^^^^^^^^^^^^^^^^^^^^^^^^^^^^&lt;/pre&gt; &lt;span&gt;…&lt;/span&gt;&lt;/li&gt;
              &lt;/ol&gt;
              
                &lt;ol start='66' class=&quot;post-context&quot; id=&quot;post1961272154112&quot;&gt;
                  
                  &lt;li onclick=&quot;toggle('pre1961272154112', 'post1961272154112')&quot;&gt;&lt;pre&gt;&lt;/pre&gt;&lt;/li&gt;
                  
                  &lt;li onclick=&quot;toggle('pre1961272154112', 'post1961272154112')&quot;&gt;&lt;pre&gt;    _view_wrapper.csrf_exempt = True&lt;/pre&gt;&lt;/li&gt;
                  
                  &lt;li onclick=&quot;toggle('pre1961272154112', 'post1961272154112')&quot;&gt;&lt;pre&gt;&lt;/pre&gt;&lt;/li&gt;
                  
                  &lt;li onclick=&quot;toggle('pre1961272154112', 'post1961272154112')&quot;&gt;&lt;pre&gt;    return wraps(view_func)(_view_wrapper)&lt;/pre&gt;&lt;/li&gt;
                  
              &lt;/ol&gt;
              
            &lt;/div&gt;
          

          
            
              &lt;details&gt;
                &lt;summary class=&quot;commands&quot;&gt;Local vars&lt;/summary&gt;
            
            &lt;table class=&quot;vars&quot; id=&quot;v1961272154112&quot;&gt;
              &lt;thead&gt;
                &lt;tr&gt;
                  &lt;th&gt;Variable&lt;/th&gt;
                  &lt;th&gt;Value&lt;/th&gt;
                &lt;/tr&gt;
              &lt;/thead&gt;
              &lt;tbody&gt;
                
                  &lt;tr&gt;
                    &lt;td&gt;args&lt;/td&gt;
                    &lt;td class=&quot;code&quot;&gt;&lt;pre&gt;()&lt;/pre&gt;&lt;/td&gt;
                  &lt;/tr&gt;
                
                  &lt;tr&gt;
                    &lt;td&gt;kwargs&lt;/td&gt;
                    &lt;td class=&quot;code&quot;&gt;&lt;pre&gt;{}&lt;/pre&gt;&lt;/td&gt;
                  &lt;/tr&gt;
                
                  &lt;tr&gt;
                    &lt;td&gt;request&lt;/td&gt;
                    &lt;td class=&quot;code&quot;&gt;&lt;pre&gt;&amp;lt;WSGIRequest: POST &amp;#x27;/api/v1/users/login/&amp;#x27;&amp;gt;&lt;/pre&gt;&lt;/td&gt;
                  &lt;/tr&gt;
                
                  &lt;tr&gt;
                    &lt;td&gt;view_func&lt;/td&gt;
                    &lt;td class=&quot;code&quot;&gt;&lt;pre&gt;&amp;lt;function View.as_view.&amp;lt;locals&amp;gt;.view at 0x000001C8A3731D00&amp;gt;&lt;/pre&gt;&lt;/td&gt;
                  &lt;/tr&gt;
                
              &lt;/tbody&gt;
            &lt;/table&gt;
            &lt;/details&gt;
          
        &lt;/li&gt;
      
        
        &lt;li class=&quot;frame django&quot;&gt;
          
            &lt;code class=&quot;fname&quot;&gt;C:\Python312\Lib\site-packages\django\views\generic\base.py&lt;/code&gt;, line 104, in view
          

          
            &lt;div class=&quot;context&quot; id=&quot;c1961270771264&quot;&gt;
              
                &lt;ol start=&quot;97&quot; class=&quot;pre-context&quot; id=&quot;pre1961270771264&quot;&gt;
                
                  &lt;li onclick=&quot;toggle('pre1961270771264', 'post1961270771264')&quot;&gt;&lt;pre&gt;            self = cls(**initkwargs)&lt;/pre&gt;&lt;/li&gt;
                
                  &lt;li onclick=&quot;toggle('pre1961270771264', 'post1961270771264')&quot;&gt;&lt;pre&gt;            self.setup(request, *args, **kwargs)&lt;/pre&gt;&lt;/li&gt;
                
                  &lt;li onclick=&quot;toggle('pre1961270771264', 'post1961270771264')&quot;&gt;&lt;pre&gt;            if not hasattr(self, &amp;quot;request&amp;quot;):&lt;/pre&gt;&lt;/li&gt;
                
                  &lt;li onclick=&quot;toggle('pre1961270771264', 'post1961270771264')&quot;&gt;&lt;pre&gt;                raise AttributeError(&lt;/pre&gt;&lt;/li&gt;
                
                  &lt;li onclick=&quot;toggle('pre1961270771264', 'post1961270771264')&quot;&gt;&lt;pre&gt;                    &amp;quot;%s instance has no &amp;#x27;request&amp;#x27; attribute. Did you override &amp;quot;&lt;/pre&gt;&lt;/li&gt;
                
                  &lt;li onclick=&quot;toggle('pre1961270771264', 'post1961270771264')&quot;&gt;&lt;pre&gt;                    &amp;quot;setup() and forget to call super()?&amp;quot; % cls.__name__&lt;/pre&gt;&lt;/li&gt;
                
                  &lt;li onclick=&quot;toggle('pre1961270771264', 'post1961270771264')&quot;&gt;&lt;pre&gt;                )&lt;/pre&gt;&lt;/li&gt;
                
                &lt;/ol&gt;
              
              &lt;ol start=&quot;104&quot; class=&quot;context-line&quot;&gt;
                &lt;li onclick=&quot;toggle('pre1961270771264', 'post1961270771264')&quot;&gt;&lt;pre&gt;            return self.dispatch(request, *args, **kwargs)
                        ^^^^^^^^^^^^^^^^^^^^^^^^^^^^^^^^^^^^^^^&lt;/pre&gt; &lt;span&gt;…&lt;/span&gt;&lt;/li&gt;
              &lt;/ol&gt;
              
                &lt;ol start='105' class=&quot;post-context&quot; id=&quot;post1961270771264&quot;&gt;
                  
                  &lt;li onclick=&quot;toggle('pre1961270771264', 'post1961270771264')&quot;&gt;&lt;pre&gt;&lt;/pre&gt;&lt;/li&gt;
                  
                  &lt;li onclick=&quot;toggle('pre1961270771264', 'post1961270771264')&quot;&gt;&lt;pre&gt;        view.view_class = cls&lt;/pre&gt;&lt;/li&gt;
                  
                  &lt;li onclick=&quot;toggle('pre1961270771264', 'post1961270771264')&quot;&gt;&lt;pre&gt;        view.view_initkwargs = initkwargs&lt;/pre&gt;&lt;/li&gt;
                  
                  &lt;li onclick=&quot;toggle('pre1961270771264', 'post1961270771264')&quot;&gt;&lt;pre&gt;&lt;/pre&gt;&lt;/li&gt;
                  
                  &lt;li onclick=&quot;toggle('pre1961270771264', 'post1961270771264')&quot;&gt;&lt;pre&gt;        # __name__ and __qualname__ are intentionally left unchanged as&lt;/pre&gt;&lt;/li&gt;
                  
                  &lt;li onclick=&quot;toggle('pre1961270771264', 'post1961270771264')&quot;&gt;&lt;pre&gt;        # view_class should be used to robustly determine the name of the view&lt;/pre&gt;&lt;/li&gt;
                  
              &lt;/ol&gt;
              
            &lt;/div&gt;
          

          
            
              &lt;details&gt;
                &lt;summary class=&quot;commands&quot;&gt;Local vars&lt;/summary&gt;
            
            &lt;table class=&quot;vars&quot; id=&quot;v1961270771264&quot;&gt;
              &lt;thead&gt;
                &lt;tr&gt;
                  &lt;th&gt;Variable&lt;/th&gt;
                  &lt;th&gt;Value&lt;/th&gt;
                &lt;/tr&gt;
              &lt;/thead&gt;
              &lt;tbody&gt;
                
                  &lt;tr&gt;
                    &lt;td&gt;args&lt;/td&gt;
                    &lt;td class=&quot;code&quot;&gt;&lt;pre&gt;()&lt;/pre&gt;&lt;/td&gt;
                  &lt;/tr&gt;
                
                  &lt;tr&gt;
                    &lt;td&gt;cls&lt;/td&gt;
                    &lt;td class=&quot;code&quot;&gt;&lt;pre&gt;&amp;lt;class &amp;#x27;users.views.LoginView&amp;#x27;&amp;gt;&lt;/pre&gt;&lt;/td&gt;
                  &lt;/tr&gt;
                
                  &lt;tr&gt;
                    &lt;td&gt;initkwargs&lt;/td&gt;
                    &lt;td class=&quot;code&quot;&gt;&lt;pre&gt;{}&lt;/pre&gt;&lt;/td&gt;
                  &lt;/tr&gt;
                
                  &lt;tr&gt;
                    &lt;td&gt;kwargs&lt;/td&gt;
                    &lt;td class=&quot;code&quot;&gt;&lt;pre&gt;{}&lt;/pre&gt;&lt;/td&gt;
                  &lt;/tr&gt;
                
                  &lt;tr&gt;
                    &lt;td&gt;request&lt;/td&gt;
                    &lt;td class=&quot;code&quot;&gt;&lt;pre&gt;&amp;lt;WSGIRequest: POST &amp;#x27;/api/v1/users/login/&amp;#x27;&amp;gt;&lt;/pre&gt;&lt;/td&gt;
                  &lt;/tr&gt;
                
                  &lt;tr&gt;
                    &lt;td&gt;self&lt;/td&gt;
                    &lt;td class=&quot;code&quot;&gt;&lt;pre&gt;&amp;lt;users.views.LoginView object at 0x000001C8A4D9B530&amp;gt;&lt;/pre&gt;&lt;/td&gt;
                  &lt;/tr&gt;
                
              &lt;/tbody&gt;
            &lt;/table&gt;
            &lt;/details&gt;
          
        &lt;/li&gt;
      
        
        &lt;li class=&quot;frame user&quot;&gt;
          
            &lt;code class=&quot;fname&quot;&gt;C:\Python312\Lib\site-packages\rest_framework\views.py&lt;/code&gt;, line 509, in dispatch
          

          
            &lt;div class=&quot;context&quot; id=&quot;c1961272154048&quot;&gt;
              
                &lt;ol start=&quot;502&quot; class=&quot;pre-context&quot; id=&quot;pre1961272154048&quot;&gt;
                
                  &lt;li onclick=&quot;toggle('pre1961272154048', 'post1961272154048')&quot;&gt;&lt;pre&gt;                                  self.http_method_not_allowed)&lt;/pre&gt;&lt;/li&gt;
                
                  &lt;li onclick=&quot;toggle('pre1961272154048', 'post1961272154048')&quot;&gt;&lt;pre&gt;            else:&lt;/pre&gt;&lt;/li&gt;
                
                  &lt;li onclick=&quot;toggle('pre1961272154048', 'post1961272154048')&quot;&gt;&lt;pre&gt;                handler = self.http_method_not_allowed&lt;/pre&gt;&lt;/li&gt;
                
                  &lt;li onclick=&quot;toggle('pre1961272154048', 'post1961272154048')&quot;&gt;&lt;pre&gt;&lt;/pre&gt;&lt;/li&gt;
                
                  &lt;li onclick=&quot;toggle('pre1961272154048', 'post1961272154048')&quot;&gt;&lt;pre&gt;            response = handler(request, *args, **kwargs)&lt;/pre&gt;&lt;/li&gt;
                
                  &lt;li onclick=&quot;toggle('pre1961272154048', 'post1961272154048')&quot;&gt;&lt;pre&gt;&lt;/pre&gt;&lt;/li&gt;
                
                  &lt;li onclick=&quot;toggle('pre1961272154048', 'post1961272154048')&quot;&gt;&lt;pre&gt;        except Exception as exc:&lt;/pre&gt;&lt;/li&gt;
                
                &lt;/ol&gt;
              
              &lt;ol start=&quot;509&quot; class=&quot;context-line&quot;&gt;
                &lt;li onclick=&quot;toggle('pre1961272154048', 'post1961272154048')&quot;&gt;&lt;pre&gt;            response = self.handle_exception(exc)
                            ^^^^^^^^^^^^^^^^^^^^^^^^^^&lt;/pre&gt; &lt;span&gt;…&lt;/span&gt;&lt;/li&gt;
              &lt;/ol&gt;
              
                &lt;ol start='510' class=&quot;post-context&quot; id=&quot;post1961272154048&quot;&gt;
                  
                  &lt;li onclick=&quot;toggle('pre1961272154048', 'post1961272154048')&quot;&gt;&lt;pre&gt;&lt;/pre&gt;&lt;/li&gt;
                  
                  &lt;li onclick=&quot;toggle('pre1961272154048', 'post1961272154048')&quot;&gt;&lt;pre&gt;        self.response = self.finalize_response(request, response, *args, **kwargs)&lt;/pre&gt;&lt;/li&gt;
                  
                  &lt;li onclick=&quot;toggle('pre1961272154048', 'post1961272154048')&quot;&gt;&lt;pre&gt;        return self.response&lt;/pre&gt;&lt;/li&gt;
                  
                  &lt;li onclick=&quot;toggle('pre1961272154048', 'post1961272154048')&quot;&gt;&lt;pre&gt;&lt;/pre&gt;&lt;/li&gt;
                  
                  &lt;li onclick=&quot;toggle('pre1961272154048', 'post1961272154048')&quot;&gt;&lt;pre&gt;    def options(self, request, *args, **kwargs):&lt;/pre&gt;&lt;/li&gt;
                  
                  &lt;li onclick=&quot;toggle('pre1961272154048', 'post1961272154048')&quot;&gt;&lt;pre&gt;        &amp;quot;&amp;quot;&amp;quot;&lt;/pre&gt;&lt;/li&gt;
                  
              &lt;/ol&gt;
              
            &lt;/div&gt;
          

          
            
              &lt;details&gt;
                &lt;summary class=&quot;commands&quot;&gt;Local vars&lt;/summary&gt;
            
            &lt;table class=&quot;vars&quot; id=&quot;v1961272154048&quot;&gt;
              &lt;thead&gt;
                &lt;tr&gt;
                  &lt;th&gt;Variable&lt;/th&gt;
                  &lt;th&gt;Value&lt;/th&gt;
                &lt;/tr&gt;
              &lt;/thead&gt;
              &lt;tbody&gt;
                
                  &lt;tr&gt;
                    &lt;td&gt;args&lt;/td&gt;
                    &lt;td class=&quot;code&quot;&gt;&lt;pre&gt;()&lt;/pre&gt;&lt;/td&gt;
                  &lt;/tr&gt;
                
                  &lt;tr&gt;
                    &lt;td&gt;handler&lt;/td&gt;
                    &lt;td class=&quot;code&quot;&gt;&lt;pre&gt;&amp;lt;bound method LoginView.post of &amp;lt;users.views.LoginView object at 0x000001C8A4D9B530&amp;gt;&amp;gt;&lt;/pre&gt;&lt;/td&gt;
                  &lt;/tr&gt;
                
                  &lt;tr&gt;
                    &lt;td&gt;kwargs&lt;/td&gt;
                    &lt;td class=&quot;code&quot;&gt;&lt;pre&gt;{}&lt;/pre&gt;&lt;/td&gt;
                  &lt;/tr&gt;
                
                  &lt;tr&gt;
                    &lt;td&gt;request&lt;/td&gt;
                    &lt;td class=&quot;code&quot;&gt;&lt;pre&gt;&amp;lt;rest_framework.request.Request: POST &amp;#x27;/api/v1/users/login/&amp;#x27;&amp;gt;&lt;/pre&gt;&lt;/td&gt;
                  &lt;/tr&gt;
                
                  &lt;tr&gt;
                    &lt;td&gt;self&lt;/td&gt;
                    &lt;td class=&quot;code&quot;&gt;&lt;pre&gt;&amp;lt;users.views.LoginView object at 0x000001C8A4D9B530&amp;gt;&lt;/pre&gt;&lt;/td&gt;
                  &lt;/tr&gt;
                
              &lt;/tbody&gt;
            &lt;/table&gt;
            &lt;/details&gt;
          
        &lt;/li&gt;
      
        
        &lt;li class=&quot;frame user&quot;&gt;
          
            &lt;code class=&quot;fname&quot;&gt;C:\Python312\Lib\site-packages\rest_framework\views.py&lt;/code&gt;, line 469, in handle_exception
          

          
            &lt;div class=&quot;context&quot; id=&quot;c1961272153984&quot;&gt;
              
                &lt;ol start=&quot;462&quot; class=&quot;pre-context&quot; id=&quot;pre1961272153984&quot;&gt;
                
                  &lt;li onclick=&quot;toggle('pre1961272153984', 'post1961272153984')&quot;&gt;&lt;pre&gt;&lt;/pre&gt;&lt;/li&gt;
                
                  &lt;li onclick=&quot;toggle('pre1961272153984', 'post1961272153984')&quot;&gt;&lt;pre&gt;        exception_handler = self.get_exception_handler()&lt;/pre&gt;&lt;/li&gt;
                
                  &lt;li onclick=&quot;toggle('pre1961272153984', 'post1961272153984')&quot;&gt;&lt;pre&gt;&lt;/pre&gt;&lt;/li&gt;
                
                  &lt;li onclick=&quot;toggle('pre1961272153984', 'post1961272153984')&quot;&gt;&lt;pre&gt;        context = self.get_exception_handler_context()&lt;/pre&gt;&lt;/li&gt;
                
                  &lt;li onclick=&quot;toggle('pre1961272153984', 'post1961272153984')&quot;&gt;&lt;pre&gt;        response = exception_handler(exc, context)&lt;/pre&gt;&lt;/li&gt;
                
                  &lt;li onclick=&quot;toggle('pre1961272153984', 'post1961272153984')&quot;&gt;&lt;pre&gt;&lt;/pre&gt;&lt;/li&gt;
                
                  &lt;li onclick=&quot;toggle('pre1961272153984', 'post1961272153984')&quot;&gt;&lt;pre&gt;        if response is None:&lt;/pre&gt;&lt;/li&gt;
                
                &lt;/ol&gt;
              
              &lt;ol start=&quot;469&quot; class=&quot;context-line&quot;&gt;
                &lt;li onclick=&quot;toggle('pre1961272153984', 'post1961272153984')&quot;&gt;&lt;pre&gt;            self.raise_uncaught_exception(exc)
                 ^^^^^^^^^^^^^^^^^^^^^^^^^^^^^^^^^^&lt;/pre&gt; &lt;span&gt;…&lt;/span&gt;&lt;/li&gt;
              &lt;/ol&gt;
              
                &lt;ol start='470' class=&quot;post-context&quot; id=&quot;post1961272153984&quot;&gt;
                  
                  &lt;li onclick=&quot;toggle('pre1961272153984', 'post1961272153984')&quot;&gt;&lt;pre&gt;&lt;/pre&gt;&lt;/li&gt;
                  
                  &lt;li onclick=&quot;toggle('pre1961272153984', 'post1961272153984')&quot;&gt;&lt;pre&gt;        response.exception = True&lt;/pre&gt;&lt;/li&gt;
                  
                  &lt;li onclick=&quot;toggle('pre1961272153984', 'post1961272153984')&quot;&gt;&lt;pre&gt;        return response&lt;/pre&gt;&lt;/li&gt;
                  
                  &lt;li onclick=&quot;toggle('pre1961272153984', 'post1961272153984')&quot;&gt;&lt;pre&gt;&lt;/pre&gt;&lt;/li&gt;
                  
                  &lt;li onclick=&quot;toggle('pre1961272153984', 'post1961272153984')&quot;&gt;&lt;pre&gt;    def raise_uncaught_exception(self, exc):&lt;/pre&gt;&lt;/li&gt;
                  
                  &lt;li onclick=&quot;toggle('pre1961272153984', 'post1961272153984')&quot;&gt;&lt;pre&gt;        if settings.DEBUG:&lt;/pre&gt;&lt;/li&gt;
                  
              &lt;/ol&gt;
              
            &lt;/div&gt;
          

          
            
              &lt;details&gt;
                &lt;summary class=&quot;commands&quot;&gt;Local vars&lt;/summary&gt;
            
            &lt;table class=&quot;vars&quot; id=&quot;v1961272153984&quot;&gt;
              &lt;thead&gt;
                &lt;tr&gt;
                  &lt;th&gt;Variable&lt;/th&gt;
                  &lt;th&gt;Value&lt;/th&gt;
                &lt;/tr&gt;
              &lt;/thead&gt;
              &lt;tbody&gt;
                
                  &lt;tr&gt;
                    &lt;td&gt;context&lt;/td&gt;
                    &lt;td class=&quot;code&quot;&gt;&lt;pre&gt;{&amp;#x27;args&amp;#x27;: (),
 &amp;#x27;kwargs&amp;#x27;: {},
 &amp;#x27;request&amp;#x27;: &amp;lt;rest_framework.request.Request: POST &amp;#x27;/api/v1/users/login/&amp;#x27;&amp;gt;,
 &amp;#x27;view&amp;#x27;: &amp;lt;users.views.LoginView object at 0x000001C8A4D9B530&amp;gt;}&lt;/pre&gt;&lt;/td&gt;
                  &lt;/tr&gt;
                
                  &lt;tr&gt;
                    &lt;td&gt;exc&lt;/td&gt;
                    &lt;td class=&quot;code&quot;&gt;&lt;pre&gt;OperationalError(&amp;#x27;no such table: token_blacklist_outstandingtoken&amp;#x27;)&lt;/pre&gt;&lt;/td&gt;
                  &lt;/tr&gt;
                
                  &lt;tr&gt;
                    &lt;td&gt;exception_handler&lt;/td&gt;
                    &lt;td class=&quot;code&quot;&gt;&lt;pre&gt;&amp;lt;function exception_handler at 0x000001C8A3711260&amp;gt;&lt;/pre&gt;&lt;/td&gt;
                  &lt;/tr&gt;
                
                  &lt;tr&gt;
                    &lt;td&gt;response&lt;/td&gt;
                    &lt;td class=&quot;code&quot;&gt;&lt;pre&gt;None&lt;/pre&gt;&lt;/td&gt;
                  &lt;/tr&gt;
                
                  &lt;tr&gt;
                    &lt;td&gt;self&lt;/td&gt;
                    &lt;td class=&quot;code&quot;&gt;&lt;pre&gt;&amp;lt;users.views.LoginView object at 0x000001C8A4D9B530&amp;gt;&lt;/pre&gt;&lt;/td&gt;
                  &lt;/tr&gt;
                
              &lt;/tbody&gt;
            &lt;/table&gt;
            &lt;/details&gt;
          
        &lt;/li&gt;
      
        
        &lt;li class=&quot;frame user&quot;&gt;
          
            &lt;code class=&quot;fname&quot;&gt;C:\Python312\Lib\site-packages\rest_framework\views.py&lt;/code&gt;, line 480, in raise_uncaught_exception
          

          
            &lt;div class=&quot;context&quot; id=&quot;c1961272153664&quot;&gt;
              
                &lt;ol start=&quot;473&quot; class=&quot;pre-context&quot; id=&quot;pre1961272153664&quot;&gt;
                
                  &lt;li onclick=&quot;toggle('pre1961272153664', 'post1961272153664')&quot;&gt;&lt;pre&gt;&lt;/pre&gt;&lt;/li&gt;
                
                  &lt;li onclick=&quot;toggle('pre1961272153664', 'post1961272153664')&quot;&gt;&lt;pre&gt;    def raise_uncaught_exception(self, exc):&lt;/pre&gt;&lt;/li&gt;
                
                  &lt;li onclick=&quot;toggle('pre1961272153664', 'post1961272153664')&quot;&gt;&lt;pre&gt;        if settings.DEBUG:&lt;/pre&gt;&lt;/li&gt;
                
                  &lt;li onclick=&quot;toggle('pre1961272153664', 'post1961272153664')&quot;&gt;&lt;pre&gt;            request = self.request&lt;/pre&gt;&lt;/li&gt;
                
                  &lt;li onclick=&quot;toggle('pre1961272153664', 'post1961272153664')&quot;&gt;&lt;pre&gt;            renderer_format = getattr(request.accepted_renderer, &amp;#x27;format&amp;#x27;)&lt;/pre&gt;&lt;/li&gt;
                
                  &lt;li onclick=&quot;toggle('pre1961272153664', 'post1961272153664')&quot;&gt;&lt;pre&gt;            use_plaintext_traceback = renderer_format not in (&amp;#x27;html&amp;#x27;, &amp;#x27;api&amp;#x27;, &amp;#x27;admin&amp;#x27;)&lt;/pre&gt;&lt;/li&gt;
                
                  &lt;li onclick=&quot;toggle('pre1961272153664', 'post1961272153664')&quot;&gt;&lt;pre&gt;            request.force_plaintext_errors(use_plaintext_traceback)&lt;/pre&gt;&lt;/li&gt;
                
                &lt;/ol&gt;
              
              &lt;ol start=&quot;480&quot; class=&quot;context-line&quot;&gt;
                &lt;li onclick=&quot;toggle('pre1961272153664', 'post1961272153664')&quot;&gt;&lt;pre&gt;        raise exc
             ^^^^^^^^^&lt;/pre&gt; &lt;span&gt;…&lt;/span&gt;&lt;/li&gt;
              &lt;/ol&gt;
              
                &lt;ol start='481' class=&quot;post-context&quot; id=&quot;post1961272153664&quot;&gt;
                  
                  &lt;li onclick=&quot;toggle('pre1961272153664', 'post1961272153664')&quot;&gt;&lt;pre&gt;&lt;/pre&gt;&lt;/li&gt;
                  
                  &lt;li onclick=&quot;toggle('pre1961272153664', 'post1961272153664')&quot;&gt;&lt;pre&gt;    # Note: Views are made CSRF exempt from within `as_view` as to prevent&lt;/pre&gt;&lt;/li&gt;
                  
                  &lt;li onclick=&quot;toggle('pre1961272153664', 'post1961272153664')&quot;&gt;&lt;pre&gt;    # accidental removal of this exemption in cases where `dispatch` needs to&lt;/pre&gt;&lt;/li&gt;
                  
                  &lt;li onclick=&quot;toggle('pre1961272153664', 'post1961272153664')&quot;&gt;&lt;pre&gt;    # be overridden.&lt;/pre&gt;&lt;/li&gt;
                  
                  &lt;li onclick=&quot;toggle('pre1961272153664', 'post1961272153664')&quot;&gt;&lt;pre&gt;    def dispatch(self, request, *args, **kwargs):&lt;/pre&gt;&lt;/li&gt;
                  
                  &lt;li onclick=&quot;toggle('pre1961272153664', 'post1961272153664')&quot;&gt;&lt;pre&gt;        &amp;quot;&amp;quot;&amp;quot;&lt;/pre&gt;&lt;/li&gt;
                  
              &lt;/ol&gt;
              
            &lt;/div&gt;
          

          
            
              &lt;details&gt;
                &lt;summary class=&quot;commands&quot;&gt;Local vars&lt;/summary&gt;
            
            &lt;table class=&quot;vars&quot; id=&quot;v1961272153664&quot;&gt;
              &lt;thead&gt;
                &lt;tr&gt;
                  &lt;th&gt;Variable&lt;/th&gt;
                  &lt;th&gt;Value&lt;/th&gt;
                &lt;/tr&gt;
              &lt;/thead&gt;
              &lt;tbody&gt;
                
                  &lt;tr&gt;
                    &lt;td&gt;exc&lt;/td&gt;
                    &lt;td class=&quot;code&quot;&gt;&lt;pre&gt;OperationalError(&amp;#x27;no such table: token_blacklist_outstandingtoken&amp;#x27;)&lt;/pre&gt;&lt;/td&gt;
                  &lt;/tr&gt;
                
                  &lt;tr&gt;
                    &lt;td&gt;renderer_format&lt;/td&gt;
                    &lt;td class=&quot;code&quot;&gt;&lt;pre&gt;&amp;#x27;json&amp;#x27;&lt;/pre&gt;&lt;/td&gt;
                  &lt;/tr&gt;
                
                  &lt;tr&gt;
                    &lt;td&gt;request&lt;/td&gt;
                    &lt;td class=&quot;code&quot;&gt;&lt;pre&gt;&amp;lt;rest_framework.request.Request: POST &amp;#x27;/api/v1/users/login/&amp;#x27;&amp;gt;&lt;/pre&gt;&lt;/td&gt;
                  &lt;/tr&gt;
                
                  &lt;tr&gt;
                    &lt;td&gt;self&lt;/td&gt;
                    &lt;td class=&quot;code&quot;&gt;&lt;pre&gt;&amp;lt;users.views.LoginView object at 0x000001C8A4D9B530&amp;gt;&lt;/pre&gt;&lt;/td&gt;
                  &lt;/tr&gt;
                
                  &lt;tr&gt;
                    &lt;td&gt;use_plaintext_traceback&lt;/td&gt;
                    &lt;td class=&quot;code&quot;&gt;&lt;pre&gt;True&lt;/pre&gt;&lt;/td&gt;
                  &lt;/tr&gt;
                
              &lt;/tbody&gt;
            &lt;/table&gt;
            &lt;/details&gt;
          
        &lt;/li&gt;
      
        
        &lt;li class=&quot;frame user&quot;&gt;
          
            &lt;code class=&quot;fname&quot;&gt;C:\Python312\Lib\site-packages\rest_framework\views.py&lt;/code&gt;, line 506, in dispatch
          

          
            &lt;div class=&quot;context&quot; id=&quot;c1961272153920&quot;&gt;
              
                &lt;ol start=&quot;499&quot; class=&quot;pre-context&quot; id=&quot;pre1961272153920&quot;&gt;
                
                  &lt;li onclick=&quot;toggle('pre1961272153920', 'post1961272153920')&quot;&gt;&lt;pre&gt;            # Get the appropriate handler method&lt;/pre&gt;&lt;/li&gt;
                
                  &lt;li onclick=&quot;toggle('pre1961272153920', 'post1961272153920')&quot;&gt;&lt;pre&gt;            if request.method.lower() in self.http_method_names:&lt;/pre&gt;&lt;/li&gt;
                
                  &lt;li onclick=&quot;toggle('pre1961272153920', 'post1961272153920')&quot;&gt;&lt;pre&gt;                handler = getattr(self, request.method.lower(),&lt;/pre&gt;&lt;/li&gt;
                
                  &lt;li onclick=&quot;toggle('pre1961272153920', 'post1961272153920')&quot;&gt;&lt;pre&gt;                                  self.http_method_not_allowed)&lt;/pre&gt;&lt;/li&gt;
                
                  &lt;li onclick=&quot;toggle('pre1961272153920', 'post1961272153920')&quot;&gt;&lt;pre&gt;            else:&lt;/pre&gt;&lt;/li&gt;
                
                  &lt;li onclick=&quot;toggle('pre1961272153920', 'post1961272153920')&quot;&gt;&lt;pre&gt;                handler = self.http_method_not_allowed&lt;/pre&gt;&lt;/li&gt;
                
                  &lt;li onclick=&quot;toggle('pre1961272153920', 'post1961272153920')&quot;&gt;&lt;pre&gt;&lt;/pre&gt;&lt;/li&gt;
                
                &lt;/ol&gt;
              
              &lt;ol start=&quot;506&quot; class=&quot;context-line&quot;&gt;
                &lt;li onclick=&quot;toggle('pre1961272153920', 'post1961272153920')&quot;&gt;&lt;pre&gt;            response = handler(request, *args, **kwargs)
                            ^^^^^^^^^^^^^^^^^^^^^^^^^^^^^^^^^&lt;/pre&gt; &lt;span&gt;…&lt;/span&gt;&lt;/li&gt;
              &lt;/ol&gt;
              
                &lt;ol start='507' class=&quot;post-context&quot; id=&quot;post1961272153920&quot;&gt;
                  
                  &lt;li onclick=&quot;toggle('pre1961272153920', 'post1961272153920')&quot;&gt;&lt;pre&gt;&lt;/pre&gt;&lt;/li&gt;
                  
                  &lt;li onclick=&quot;toggle('pre1961272153920', 'post1961272153920')&quot;&gt;&lt;pre&gt;        except Exception as exc:&lt;/pre&gt;&lt;/li&gt;
                  
                  &lt;li onclick=&quot;toggle('pre1961272153920', 'post1961272153920')&quot;&gt;&lt;pre&gt;            response = self.handle_exception(exc)&lt;/pre&gt;&lt;/li&gt;
                  
                  &lt;li onclick=&quot;toggle('pre1961272153920', 'post1961272153920')&quot;&gt;&lt;pre&gt;&lt;/pre&gt;&lt;/li&gt;
                  
                  &lt;li onclick=&quot;toggle('pre1961272153920', 'post1961272153920')&quot;&gt;&lt;pre&gt;        self.response = self.finalize_response(request, response, *args, **kwargs)&lt;/pre&gt;&lt;/li&gt;
                  
                  &lt;li onclick=&quot;toggle('pre1961272153920', 'post1961272153920')&quot;&gt;&lt;pre&gt;        return self.response&lt;/pre&gt;&lt;/li&gt;
                  
              &lt;/ol&gt;
              
            &lt;/div&gt;
          

          
            
              &lt;details&gt;
                &lt;summary class=&quot;commands&quot;&gt;Local vars&lt;/summary&gt;
            
            &lt;table class=&quot;vars&quot; id=&quot;v1961272153920&quot;&gt;
              &lt;thead&gt;
                &lt;tr&gt;
                  &lt;th&gt;Variable&lt;/th&gt;
                  &lt;th&gt;Value&lt;/th&gt;
                &lt;/tr&gt;
              &lt;/thead&gt;
              &lt;tbody&gt;
                
                  &lt;tr&gt;
                    &lt;td&gt;args&lt;/td&gt;
                    &lt;td class=&quot;code&quot;&gt;&lt;pre&gt;()&lt;/pre&gt;&lt;/td&gt;
                  &lt;/tr&gt;
                
                  &lt;tr&gt;
                    &lt;td&gt;handler&lt;/td&gt;
                    &lt;td class=&quot;code&quot;&gt;&lt;pre&gt;&amp;lt;bound method LoginView.post of &amp;lt;users.views.LoginView object at 0x000001C8A4D9B530&amp;gt;&amp;gt;&lt;/pre&gt;&lt;/td&gt;
                  &lt;/tr&gt;
                
                  &lt;tr&gt;
                    &lt;td&gt;kwargs&lt;/td&gt;
                    &lt;td class=&quot;code&quot;&gt;&lt;pre&gt;{}&lt;/pre&gt;&lt;/td&gt;
                  &lt;/tr&gt;
                
                  &lt;tr&gt;
                    &lt;td&gt;request&lt;/td&gt;
                    &lt;td class=&quot;code&quot;&gt;&lt;pre&gt;&amp;lt;rest_framework.request.Request: POST &amp;#x27;/api/v1/users/login/&amp;#x27;&amp;gt;&lt;/pre&gt;&lt;/td&gt;
                  &lt;/tr&gt;
                
                  &lt;tr&gt;
                    &lt;td&gt;self&lt;/td&gt;
                    &lt;td class=&quot;code&quot;&gt;&lt;pre&gt;&amp;lt;users.views.LoginView object at 0x000001C8A4D9B530&amp;gt;&lt;/pre&gt;&lt;/td&gt;
                  &lt;/tr&gt;
                
              &lt;/tbody&gt;
            &lt;/table&gt;
            &lt;/details&gt;
          
        &lt;/li&gt;
      
        
        &lt;li class=&quot;frame user&quot;&gt;
          
            &lt;code class=&quot;fname&quot;&gt;D:\Siddartha Koppaka\Skyfab\backend\users\views.py&lt;/code&gt;, line 41, in post
          

          
            &lt;div class=&quot;context&quot; id=&quot;c1961272153600&quot;&gt;
              
                &lt;ol start=&quot;34&quot; class=&quot;pre-context&quot; id=&quot;pre1961272153600&quot;&gt;
                
                  &lt;li onclick=&quot;toggle('pre1961272153600', 'post1961272153600')&quot;&gt;&lt;pre&gt;    permission_classes = [AllowAny]&lt;/pre&gt;&lt;/li&gt;
                
                  &lt;li onclick=&quot;toggle('pre1961272153600', 'post1961272153600')&quot;&gt;&lt;pre&gt;&lt;/pre&gt;&lt;/li&gt;
                
                  &lt;li onclick=&quot;toggle('pre1961272153600', 'post1961272153600')&quot;&gt;&lt;pre&gt;    def post(self, request, *args, **kwargs):&lt;/pre&gt;&lt;/li&gt;
                
                  &lt;li onclick=&quot;toggle('pre1961272153600', 'post1961272153600')&quot;&gt;&lt;pre&gt;        email = request.data.get(&amp;#x27;email&amp;#x27;)&lt;/pre&gt;&lt;/li&gt;
                
                  &lt;li onclick=&quot;toggle('pre1961272153600', 'post1961272153600')&quot;&gt;&lt;pre&gt;        password = request.data.get(&amp;#x27;password&amp;#x27;)&lt;/pre&gt;&lt;/li&gt;
                
                  &lt;li onclick=&quot;toggle('pre1961272153600', 'post1961272153600')&quot;&gt;&lt;pre&gt;        user = authenticate(email=email, password=password)&lt;/pre&gt;&lt;/li&gt;
                
                  &lt;li onclick=&quot;toggle('pre1961272153600', 'post1961272153600')&quot;&gt;&lt;pre&gt;        if user is not None and user.is_active:&lt;/pre&gt;&lt;/li&gt;
                
                &lt;/ol&gt;
              
              &lt;ol start=&quot;41&quot; class=&quot;context-line&quot;&gt;
                &lt;li onclick=&quot;toggle('pre1961272153600', 'post1961272153600')&quot;&gt;&lt;pre&gt;            refresh = RefreshToken.for_user(user)
                          ^^^^^^^^^^^^^^^^^^^^^^^^^^^&lt;/pre&gt; &lt;span&gt;…&lt;/span&gt;&lt;/li&gt;
              &lt;/ol&gt;
              
                &lt;ol start='42' class=&quot;post-context&quot; id=&quot;post1961272153600&quot;&gt;
                  
                  &lt;li onclick=&quot;toggle('pre1961272153600', 'post1961272153600')&quot;&gt;&lt;pre&gt;            return Response({&lt;/pre&gt;&lt;/li&gt;
                  
                  &lt;li onclick=&quot;toggle('pre1961272153600', 'post1961272153600')&quot;&gt;&lt;pre&gt;                &amp;quot;refresh&amp;quot;: str(refresh),&lt;/pre&gt;&lt;/li&gt;
                  
                  &lt;li onclick=&quot;toggle('pre1961272153600', 'post1961272153600')&quot;&gt;&lt;pre&gt;                &amp;quot;access&amp;quot;: str(refresh.access_token),&lt;/pre&gt;&lt;/li&gt;
                  
                  &lt;li onclick=&quot;toggle('pre1961272153600', 'post1961272153600')&quot;&gt;&lt;pre&gt;                &amp;quot;user&amp;quot;: UserSerializer(user, context={&amp;#x27;request&amp;#x27;: request}).data&lt;/pre&gt;&lt;/li&gt;
                  
                  &lt;li onclick=&quot;toggle('pre1961272153600', 'post1961272153600')&quot;&gt;&lt;pre&gt;            }, status=status.HTTP_200_OK)&lt;/pre&gt;&lt;/li&gt;
                  
                  &lt;li onclick=&quot;toggle('pre1961272153600', 'post1961272153600')&quot;&gt;&lt;pre&gt;        return Response({&amp;quot;error&amp;quot;: &amp;quot;Invalid credentials&amp;quot;}, status=status.HTTP_401_UNAUTHORIZED)&lt;/pre&gt;&lt;/li&gt;
                  
              &lt;/ol&gt;
              
            &lt;/div&gt;
          

          
            
              &lt;details&gt;
                &lt;summary class=&quot;commands&quot;&gt;Local vars&lt;/summary&gt;
            
            &lt;table class=&quot;vars&quot; id=&quot;v1961272153600&quot;&gt;
              &lt;thead&gt;
                &lt;tr&gt;
                  &lt;th&gt;Variable&lt;/th&gt;
                  &lt;th&gt;Value&lt;/th&gt;
                &lt;/tr&gt;
              &lt;/thead&gt;
              &lt;tbody&gt;
                
                  &lt;tr&gt;
                    &lt;td&gt;args&lt;/td&gt;
                    &lt;td class=&quot;code&quot;&gt;&lt;pre&gt;()&lt;/pre&gt;&lt;/td&gt;
                  &lt;/tr&gt;
                
                  &lt;tr&gt;
                    &lt;td&gt;email&lt;/td&gt;
                    &lt;td class=&quot;code&quot;&gt;&lt;pre&gt;&amp;#x27;newuser@example.com&amp;#x27;&lt;/pre&gt;&lt;/td&gt;
                  &lt;/tr&gt;
                
                  &lt;tr&gt;
                    &lt;td&gt;kwargs&lt;/td&gt;
                    &lt;td class=&quot;code&quot;&gt;&lt;pre&gt;{}&lt;/pre&gt;&lt;/td&gt;
                  &lt;/tr&gt;
                
                  &lt;tr&gt;
                    &lt;td&gt;password&lt;/td&gt;
                    &lt;td class=&quot;code&quot;&gt;&lt;pre&gt;&amp;#x27;SecurePass123&amp;#x27;&lt;/pre&gt;&lt;/td&gt;
                  &lt;/tr&gt;
                
                  &lt;tr&gt;
                    &lt;td&gt;request&lt;/td&gt;
                    &lt;td class=&quot;code&quot;&gt;&lt;pre&gt;&amp;lt;rest_framework.request.Request: POST &amp;#x27;/api/v1/users/login/&amp;#x27;&amp;gt;&lt;/pre&gt;&lt;/td&gt;
                  &lt;/tr&gt;
                
                  &lt;tr&gt;
                    &lt;td&gt;self&lt;/td&gt;
                    &lt;td class=&quot;code&quot;&gt;&lt;pre&gt;&amp;lt;users.views.LoginView object at 0x000001C8A4D9B530&amp;gt;&lt;/pre&gt;&lt;/td&gt;
                  &lt;/tr&gt;
                
                  &lt;tr&gt;
                    &lt;td&gt;user&lt;/td&gt;
                    &lt;td class=&quot;code&quot;&gt;&lt;pre&gt;&amp;lt;User: newuser@example.com&amp;gt;&lt;/pre&gt;&lt;/td&gt;
                  &lt;/tr&gt;
                
              &lt;/tbody&gt;
            &lt;/table&gt;
            &lt;/details&gt;
          
        &lt;/li&gt;
      
        
        &lt;li class=&quot;frame user&quot;&gt;
          
            &lt;code class=&quot;fname&quot;&gt;C:\Python312\Lib\site-packages\rest_framework_simplejwt\tokens.py&lt;/code&gt;, line 288, in for_user
          

          
            &lt;div class=&quot;context&quot; id=&quot;c1961272153536&quot;&gt;
              
                &lt;ol start=&quot;281&quot; class=&quot;pre-context&quot; id=&quot;pre1961272153536&quot;&gt;
                
                  &lt;li onclick=&quot;toggle('pre1961272153536', 'post1961272153536')&quot;&gt;&lt;pre&gt;            Adds this token to the outstanding token list.&lt;/pre&gt;&lt;/li&gt;
                
                  &lt;li onclick=&quot;toggle('pre1961272153536', 'post1961272153536')&quot;&gt;&lt;pre&gt;            &amp;quot;&amp;quot;&amp;quot;&lt;/pre&gt;&lt;/li&gt;
                
                  &lt;li onclick=&quot;toggle('pre1961272153536', 'post1961272153536')&quot;&gt;&lt;pre&gt;            token = super().for_user(user)  # type: ignore&lt;/pre&gt;&lt;/li&gt;
                
                  &lt;li onclick=&quot;toggle('pre1961272153536', 'post1961272153536')&quot;&gt;&lt;pre&gt;&lt;/pre&gt;&lt;/li&gt;
                
                  &lt;li onclick=&quot;toggle('pre1961272153536', 'post1961272153536')&quot;&gt;&lt;pre&gt;            jti = token[api_settings.JTI_CLAIM]&lt;/pre&gt;&lt;/li&gt;
                
                  &lt;li onclick=&quot;toggle('pre1961272153536', 'post1961272153536')&quot;&gt;&lt;pre&gt;            exp = token[&amp;quot;exp&amp;quot;]&lt;/pre&gt;&lt;/li&gt;
                
                  &lt;li onclick=&quot;toggle('pre1961272153536', 'post1961272153536')&quot;&gt;&lt;pre&gt;&lt;/pre&gt;&lt;/li&gt;
                
                &lt;/ol&gt;
              
              &lt;ol start=&quot;288&quot; class=&quot;context-line&quot;&gt;
                &lt;li onclick=&quot;toggle('pre1961272153536', 'post1961272153536')&quot;&gt;&lt;pre&gt;            OutstandingToken.objects.create(
                 ^&lt;/pre&gt; &lt;span&gt;…&lt;/span&gt;&lt;/li&gt;
              &lt;/ol&gt;
              
                &lt;ol start='289' class=&quot;post-context&quot; id=&quot;post1961272153536&quot;&gt;
                  
                  &lt;li onclick=&quot;toggle('pre1961272153536', 'post1961272153536')&quot;&gt;&lt;pre&gt;                user=user,&lt;/pre&gt;&lt;/li&gt;
                  
                  &lt;li onclick=&quot;toggle('pre1961272153536', 'post1961272153536')&quot;&gt;&lt;pre&gt;                jti=jti,&lt;/pre&gt;&lt;/li&gt;
                  
                  &lt;li onclick=&quot;toggle('pre1961272153536', 'post1961272153536')&quot;&gt;&lt;pre&gt;                token=str(token),&lt;/pre&gt;&lt;/li&gt;
                  
                  &lt;li onclick=&quot;toggle('pre1961272153536', 'post1961272153536')&quot;&gt;&lt;pre&gt;                created_at=token.current_time,&lt;/pre&gt;&lt;/li&gt;
                  
                  &lt;li onclick=&quot;toggle('pre1961272153536', 'post1961272153536')&quot;&gt;&lt;pre&gt;                expires_at=datetime_from_epoch(exp),&lt;/pre&gt;&lt;/li&gt;
                  
                  &lt;li onclick=&quot;toggle('pre1961272153536', 'post1961272153536')&quot;&gt;&lt;pre&gt;            )&lt;/pre&gt;&lt;/li&gt;
                  
              &lt;/ol&gt;
              
            &lt;/div&gt;
          

          
            
              &lt;details&gt;
                &lt;summary class=&quot;commands&quot;&gt;Local vars&lt;/summary&gt;
            
            &lt;table class=&quot;vars&quot; id=&quot;v1961272153536&quot;&gt;
              &lt;thead&gt;
                &lt;tr&gt;
                  &lt;th&gt;Variable&lt;/th&gt;
                  &lt;th&gt;Value&lt;/th&gt;
                &lt;/tr&gt;
              &lt;/thead&gt;
              &lt;tbody&gt;
                
                  &lt;tr&gt;
                    &lt;td&gt;__class__&lt;/td&gt;
                    &lt;td class=&quot;code&quot;&gt;&lt;pre&gt;&amp;lt;class &amp;#x27;rest_framework_simplejwt.tokens.BlacklistMixin&amp;#x27;&amp;gt;&lt;/pre&gt;&lt;/td&gt;
                  &lt;/tr&gt;
                
                  &lt;tr&gt;
                    &lt;td&gt;cls&lt;/td&gt;
                    &lt;td class=&quot;code&quot;&gt;&lt;pre&gt;&amp;lt;class &amp;#x27;rest_framework_simplejwt.tokens.RefreshToken&amp;#x27;&amp;gt;&lt;/pre&gt;&lt;/td&gt;
                  &lt;/tr&gt;
                
                  &lt;tr&gt;
                    &lt;td&gt;exp&lt;/td&gt;
                    &lt;td class=&quot;code&quot;&gt;&lt;pre&gt;1735172473&lt;/pre&gt;&lt;/td&gt;
                  &lt;/tr&gt;
                
                  &lt;tr&gt;
                    &lt;td&gt;jti&lt;/td&gt;
                    &lt;td class=&quot;code&quot;&gt;&lt;pre&gt;&amp;#x27;ffe446f887a246418ce8c94f024f0137&amp;#x27;&lt;/pre&gt;&lt;/td&gt;
                  &lt;/tr&gt;
                
                  &lt;tr&gt;
                    &lt;td&gt;token&lt;/td&gt;
                    &lt;td class=&quot;code&quot;&gt;&lt;pre&gt;{&amp;#x27;token_type&amp;#x27;: &amp;#x27;refresh&amp;#x27;, &amp;#x27;exp&amp;#x27;: 1735172473, &amp;#x27;iat&amp;#x27;: 1735086073, &amp;#x27;jti&amp;#x27;: &amp;#x27;ffe446f887a246418ce8c94f024f0137&amp;#x27;, &amp;#x27;user_id&amp;#x27;: 10}&lt;/pre&gt;&lt;/td&gt;
                  &lt;/tr&gt;
                
                  &lt;tr&gt;
                    &lt;td&gt;user&lt;/td&gt;
                    &lt;td class=&quot;code&quot;&gt;&lt;pre&gt;&amp;lt;User: newuser@example.com&amp;gt;&lt;/pre&gt;&lt;/td&gt;
                  &lt;/tr&gt;
                
              &lt;/tbody&gt;
            &lt;/table&gt;
            &lt;/details&gt;
          
        &lt;/li&gt;
      
        
        &lt;li class=&quot;frame django&quot;&gt;
          
            &lt;code class=&quot;fname&quot;&gt;C:\Python312\Lib\site-packages\django\db\models\manager.py&lt;/code&gt;, line 87, in manager_method
          

          
            &lt;div class=&quot;context&quot; id=&quot;c1961247488064&quot;&gt;
              
                &lt;ol start=&quot;80&quot; class=&quot;pre-context&quot; id=&quot;pre1961247488064&quot;&gt;
                
                  &lt;li onclick=&quot;toggle('pre1961247488064', 'post1961247488064')&quot;&gt;&lt;pre&gt;        return []&lt;/pre&gt;&lt;/li&gt;
                
                  &lt;li onclick=&quot;toggle('pre1961247488064', 'post1961247488064')&quot;&gt;&lt;pre&gt;&lt;/pre&gt;&lt;/li&gt;
                
                  &lt;li onclick=&quot;toggle('pre1961247488064', 'post1961247488064')&quot;&gt;&lt;pre&gt;    @classmethod&lt;/pre&gt;&lt;/li&gt;
                
                  &lt;li onclick=&quot;toggle('pre1961247488064', 'post1961247488064')&quot;&gt;&lt;pre&gt;    def _get_queryset_methods(cls, queryset_class):&lt;/pre&gt;&lt;/li&gt;
                
                  &lt;li onclick=&quot;toggle('pre1961247488064', 'post1961247488064')&quot;&gt;&lt;pre&gt;        def create_method(name, method):&lt;/pre&gt;&lt;/li&gt;
                
                  &lt;li onclick=&quot;toggle('pre1961247488064', 'post1961247488064')&quot;&gt;&lt;pre&gt;            @wraps(method)&lt;/pre&gt;&lt;/li&gt;
                
                  &lt;li onclick=&quot;toggle('pre1961247488064', 'post1961247488064')&quot;&gt;&lt;pre&gt;            def manager_method(self, *args, **kwargs):&lt;/pre&gt;&lt;/li&gt;
                
                &lt;/ol&gt;
              
              &lt;ol start=&quot;87&quot; class=&quot;context-line&quot;&gt;
                &lt;li onclick=&quot;toggle('pre1961247488064', 'post1961247488064')&quot;&gt;&lt;pre&gt;                return getattr(self.get_queryset(), name)(*args, **kwargs)
                           ^^^^^^^^^^^^^^^^^^^^^^^^^^^^^^^^^^^^^^^^^^^^^^^^^^^&lt;/pre&gt; &lt;span&gt;…&lt;/span&gt;&lt;/li&gt;
              &lt;/ol&gt;
              
                &lt;ol start='88' class=&quot;post-context&quot; id=&quot;post1961247488064&quot;&gt;
                  
                  &lt;li onclick=&quot;toggle('pre1961247488064', 'post1961247488064')&quot;&gt;&lt;pre&gt;&lt;/pre&gt;&lt;/li&gt;
                  
                  &lt;li onclick=&quot;toggle('pre1961247488064', 'post1961247488064')&quot;&gt;&lt;pre&gt;            return manager_method&lt;/pre&gt;&lt;/li&gt;
                  
                  &lt;li onclick=&quot;toggle('pre1961247488064', 'post1961247488064')&quot;&gt;&lt;pre&gt;&lt;/pre&gt;&lt;/li&gt;
                  
                  &lt;li onclick=&quot;toggle('pre1961247488064', 'post1961247488064')&quot;&gt;&lt;pre&gt;        new_methods = {}&lt;/pre&gt;&lt;/li&gt;
                  
[...]
        </tr>
      
        <tr>
          <td>SECURE_HSTS_INCLUDE_SUBDOMAINS</td>
          <td class="code"><pre>False</pre></td>
        </tr>
      
        <tr>
          <td>SECURE_HSTS_PRELOAD</td>
          <td class="code"><pre>False</pre></td>
        </tr>
      
        <tr>
          <td>SECURE_HSTS_SECONDS</td>
          <td class="code"><pre>0</pre></td>
        </tr>
      
        <tr>
          <td>SECURE_PROXY_SSL_HEADER</td>
          <td class="code"><pre>None</pre></td>
        </tr>
      
        <tr>
          <td>SECURE_REDIRECT_EXEMPT</td>
          <td class="code"><pre>[]</pre></td>
        </tr>
      
        <tr>
          <td>SECURE_REFERRER_POLICY</td>
          <td class="code"><pre>&#x27;same-origin&#x27;</pre></td>
        </tr>
      
        <tr>
          <td>SECURE_SSL_HOST</td>
          <td class="code"><pre>None</pre></td>
        </tr>
      
        <tr>
          <td>SECURE_SSL_REDIRECT</td>
          <td class="code"><pre>False</pre></td>
        </tr>
      
        <tr>
          <td>SERVER_EMAIL</td>
          <td class="code"><pre>&#x27;root@localhost&#x27;</pre></td>
        </tr>
      
        <tr>
          <td>SESSION_CACHE_ALIAS</td>
          <td class="code"><pre>&#x27;default&#x27;</pre></td>
        </tr>
      
        <tr>
          <td>SESSION_COOKIE_AGE</td>
          <td class="code"><pre>1209600</pre></td>
        </tr>
      
        <tr>
          <td>SESSION_COOKIE_DOMAIN</td>
          <td class="code"><pre>None</pre></td>
        </tr>
      
        <tr>
          <td>SESSION_COOKIE_HTTPONLY</td>
          <td class="code"><pre>True</pre></td>
        </tr>
      
        <tr>
          <td>SESSION_COOKIE_NAME</td>
          <td class="code"><pre>&#x27;sessionid&#x27;</pre></td>
        </tr>
      
        <tr>
          <td>SESSION_COOKIE_PATH</td>
          <td class="code"><pre>&#x27;/&#x27;</pre></td>
        </tr>
      
        <tr>
          <td>SESSION_COOKIE_SAMESITE</td>
          <td class="code"><pre>&#x27;Lax&#x27;</pre></td>
        </tr>
      
        <tr>
          <td>SESSION_COOKIE_SECURE</td>
          <td class="code"><pre>False</pre></td>
        </tr>
      
        <tr>
          <td>SESSION_ENGINE</td>
          <td class="code"><pre>&#x27;django.contrib.sessions.backends.db&#x27;</pre></td>
        </tr>
      
        <tr>
          <td>SESSION_EXPIRE_AT_BROWSER_CLOSE</td>
          <td class="code"><pre>False</pre></td>
        </tr>
      
        <tr>
          <td>SESSION_FILE_PATH</td>
          <td class="code"><pre>None</pre></td>
        </tr>
      
        <tr>
          <td>SESSION_SAVE_EVERY_REQUEST</td>
          <td class="code"><pre>False</pre></td>
        </tr>
      
        <tr>
          <td>SESSION_SERIALIZER</td>
          <td class="code"><pre>&#x27;django.contrib.sessions.serializers.JSONSerializer&#x27;</pre></td>
        </tr>
      
        <tr>
          <td>SETTINGS_MODULE</td>
          <td class="code"><pre>&#x27;config.settings&#x27;</pre></td>
        </tr>
      
        <tr>
          <td>SHORT_DATETIME_FORMAT</td>
          <td class="code"><pre>&#x27;m/d/Y P&#x27;</pre></td>
        </tr>
      
        <tr>
          <td>SHORT_DATE_FORMAT</td>
          <td class="code"><pre>&#x27;m/d/Y&#x27;</pre></td>
        </tr>
      
        <tr>
          <td>SIGNING_BACKEND</td>
          <td class="code"><pre>&#x27;django.core.signing.TimestampSigner&#x27;</pre></td>
        </tr>
      
        <tr>
          <td>SILENCED_SYSTEM_CHECKS</td>
          <td class="code"><pre>[]</pre></td>
        </tr>
      
        <tr>
          <td>SIMPLE_JWT</td>
          <td class="code"><pre>{&#x27;ACCESS_TOKEN_LIFETIME&#x27;: &#x27;********************&#x27;,
 &#x27;BLACKLIST_AFTER_ROTATION&#x27;: True,
 &#x27;REFRESH_TOKEN_LIFETIME&#x27;: &#x27;********************&#x27;,
 &#x27;ROTATE_REFRESH_TOKENS&#x27;: &#x27;********************&#x27;}</pre></td>
        </tr>
      
        <tr>
          <td>STATICFILES_DIRS</td>
          <td class="code"><pre>[]</pre></td>
        </tr>
      
        <tr>
          <td>STATICFILES_FINDERS</td>
          <td class="code"><pre>[&#x27;django.contrib.staticfiles.finders.FileSystemFinder&#x27;,
 &#x27;django.contrib.staticfiles.finders.AppDirectoriesFinder&#x27;]</pre></td>
        </tr>
      
        <tr>
          <td>STATICFILES_STORAGE</td>
          <td class="code"><pre>&#x27;django.contrib.staticfiles.storage.StaticFilesStorage&#x27;</pre></td>
        </tr>
      
        <tr>
          <td>STATIC_ROOT</td>
          <td class="code"><pre>None</pre></td>
        </tr>
      
        <tr>
          <td>STATIC_URL</td>
          <td class="code"><pre>&#x27;/static/&#x27;</pre></td>
        </tr>
      
        <tr>
          <td>STORAGES</td>
          <td class="code"><pre>{&#x27;default&#x27;: {&#x27;BACKEND&#x27;: &#x27;django.core.files.storage.FileSystemStorage&#x27;},
 &#x27;staticfiles&#x27;: {&#x27;BACKEND&#x27;: &#x27;django.contrib.staticfiles.storage.StaticFilesStorage&#x27;}}</pre></td>
        </tr>
      
        <tr>
          <td>TEMPLATES</td>
          <td class="code"><pre>[{&#x27;APP_DIRS&#x27;: True,
  &#x27;BACKEND&#x27;: &#x27;django.template.backends.django.DjangoTemplates&#x27;,
  &#x27;DIRS&#x27;: [],
  &#x27;OPTIONS&#x27;: {&#x27;context_processors&#x27;: [&#x27;django.template.context_processors.debug&#x27;,
                                     &#x27;django.template.context_processors.request&#x27;,
                                     &#x27;django.contrib.auth.context_processors.auth&#x27;,
                                     &#x27;django.contrib.messages.context_processors.messages&#x27;]}}]</pre></td>
        </tr>
      
        <tr>
          <td>TEST_NON_SERIALIZED_APPS</td>
          <td class="code"><pre>[]</pre></td>
        </tr>
      
        <tr>
          <td>TEST_RUNNER</td>
          <td class="code"><pre>&#x27;django.test.runner.DiscoverRunner&#x27;</pre></td>
        </tr>
      
        <tr>
          <td>THOUSAND_SEPARATOR</td>
          <td class="code"><pre>&#x27;,&#x27;</pre></td>
        </tr>
      
        <tr>
          <td>TIME_FORMAT</td>
          <td class="code"><pre>&#x27;P&#x27;</pre></td>
        </tr>
      
        <tr>
          <td>TIME_INPUT_FORMATS</td>
          <td class="code"><pre>[&#x27;%H:%M:%S&#x27;, &#x27;%H:%M:%S.%f&#x27;, &#x27;%H:%M&#x27;]</pre></td>
        </tr>
      
        <tr>
          <td>TIME_ZONE</td>
          <td class="code"><pre>&#x27;UTC&#x27;</pre></td>
        </tr>
      
        <tr>
          <td>USE_I18N</td>
          <td class="code"><pre>True</pre></td>
        </tr>
      
        <tr>
          <td>USE_THOUSAND_SEPARATOR</td>
          <td class="code"><pre>False</pre></td>
        </tr>
      
        <tr>
          <td>USE_TZ</td>
          <td class="code"><pre>True</pre></td>
        </tr>
      
        <tr>
          <td>USE_X_FORWARDED_HOST</td>
          <td class="code"><pre>False</pre></td>
        </tr>
      
        <tr>
          <td>USE_X_FORWARDED_PORT</td>
          <td class="code"><pre>False</pre></td>
        </tr>
      
        <tr>
          <td>WSGI_APPLICATION</td>
          <td class="code"><pre>&#x27;config.wsgi.application&#x27;</pre></td>
        </tr>
      
        <tr>
          <td>X_FRAME_OPTIONS</td>
          <td class="code"><pre>&#x27;DENY&#x27;</pre></td>
        </tr>
      
        <tr>
          <td>YEAR_MONTH_FORMAT</td>
          <td class="code"><pre>&#x27;F Y&#x27;</pre></td>
        </tr>
      
    </tbody>
  </table>

</div>

  <div id="explanation">
    <p>
      You’re seeing this error because you have <code>DEBUG = True</code> in your
      Django settings file. Change that to <code>False</code>, and Django will
      display a standard page generated by the handler for this status code.
    </p>
  </div>

</body>
</html>

]]></failure>
		</testcase>
		<testcase classname="TestAPIEndpoints" name="test_04_add_to_cart" time="0.006" timestamp="2024-12-24T19:21:14" file="tests\test_api.py" line="62">
			<failure type="AssertionError" message="401 != 201 : Response: {&quot;detail&quot;:&quot;Authentication credentials were not provided.&quot;}"><![CDATA[Traceback (most recent call last):
  File "d:\Siddartha Koppaka\Skyfab\backend\tests\test_api.py", line 66, in test_04_add_to_cart
    self.assertEqual(response.status_code, 201, f"Response: {response.text}")
AssertionError: 401 != 201 : Response: {"detail":"Authentication credentials were not provided."}
]]></failure>
		</testcase>
		<testcase classname="TestAPIEndpoints" name="test_05_view_cart" time="0.005" timestamp="2024-12-24T19:21:14" file="tests\test_api.py" line="68">
			<failure type="AssertionError" message="401 != 200 : Response: {&quot;detail&quot;:&quot;Authentication credentials were not provided.&quot;}"><![CDATA[Traceback (most recent call last):
  File "d:\Siddartha Koppaka\Skyfab\backend\tests\test_api.py", line 71, in test_05_view_cart
    self.assertEqual(response.status_code, 200, f"Response: {response.text}")
AssertionError: 401 != 200 : Response: {"detail":"Authentication credentials were not provided."}
]]></failure>
		</testcase>
		<testcase classname="TestAPIEndpoints" name="test_06_place_order" time="0.005" timestamp="2024-12-24T19:21:14" file="tests\test_api.py" line="73">
			<failure type="AssertionError" message="401 != 201 : Response: {&quot;detail&quot;:&quot;Authentication credentials were not provided.&quot;}"><![CDATA[Traceback (most recent call last):
  File "d:\Siddartha Koppaka\Skyfab\backend\tests\test_api.py", line 88, in test_06_place_order
    self.assertEqual(response.status_code, 201, f"Response: {response.text}")
AssertionError: 401 != 201 : Response: {"detail":"Authentication credentials were not provided."}
]]></failure>
		</testcase>
		<testcase classname="TestAPIEndpoints" name="test_07_logout_user" time="0.011" timestamp="2024-12-24T19:21:14" file="tests\test_api.py" line="90">
			<failure type="AssertionError" message="404 != 200 : Response: &lt;!DOCTYPE html&gt;
&lt;html lang=&quot;en&quot;&gt;
&lt;head&gt;
  &lt;meta http-equiv=&quot;content-type&quot; content=&quot;text/html; charset=utf-8&quot;&gt;
  &lt;title&gt;Page not found at /api/v1/users/logout/&lt;/title&gt;
  &lt;meta name=&quot;robots&quot; content=&quot;NONE,NOARCHIVE&quot;&gt;
  &lt;style type=&quot;text/css&quot;&gt;
    html * { padding:0; margin:0; }
    body * { padding:10px 20px; }
    body * * { padding:0; }
    body { font:small sans-serif; background:#eee; color:#000; }
    body&gt;div { border-bottom:1px solid #ddd; }
    h1 { font-weight:normal; margin-bottom:.4em; }
    h1 span { font-size:60%; color:#666; font-weight:normal; }
    table { border:none; border-collapse: collapse; width:100%; }
    td, th { vertical-align:top; padding:2px 3px; }
    th { width:12em; text-align:right; color:#666; padding-right:.5em; }
    #info { background:#f6f6f6; }
    #info ol { margin: 0.5em 4em; }
    #info ol li { font-family: monospace; }
    #summary { background: #ffc; }
    #explanation { background:#eee; border-bottom: 0px none; }
    pre.exception_value { font-family: sans-serif; color: #575757; font-size: 1.5em; margin: 10px 0 10px 0; }
  &lt;/style&gt;
&lt;/head&gt;
&lt;body&gt;
  &lt;div id=&quot;summary&quot;&gt;
    &lt;h1&gt;Page not found &lt;span&gt;(404)&lt;/span&gt;&lt;/h1&gt;
    
    &lt;table class=&quot;meta&quot;&gt;
      &lt;tr&gt;
        &lt;th&gt;Request Method:&lt;/th&gt;
        &lt;td&gt;POST&lt;/td&gt;
      &lt;/tr&gt;
      &lt;tr&gt;
        &lt;th&gt;Request URL:&lt;/th&gt;
        &lt;td&gt;http://127.0.0.1:8000/api/v1/users/logout/&lt;/td&gt;
      &lt;/tr&gt;
      
    &lt;/table&gt;
  &lt;/div&gt;
  &lt;div id=&quot;info&quot;&gt;
    
      &lt;p&gt;
      Using the URLconf defined in &lt;code&gt;config.urls&lt;/code&gt;,
      Django tried these URL patterns, in this order:
      &lt;/p&gt;
      &lt;ol&gt;
        
          &lt;li&gt;
            
                admin/
                
            
          &lt;/li&gt;
        
          &lt;li&gt;
            
                api/v1/users/
                
            
                
                
            
                ^users/$
                [name='user-list']
            
          &lt;/li&gt;
        
          &lt;li&gt;
            
                api/v1/users/
                
            
                
                
            
                ^users\.(?P&amp;lt;format&amp;gt;[a-z0-9]+)/?$
                [name='user-list']
            
          &lt;/li&gt;
        
          &lt;li&gt;
            
                api/v1/users/
                
            
                
                
            
                ^users/(?P&amp;lt;pk&amp;gt;[^/.]+)/$
                [name='user-detail']
            
          &lt;/li&gt;
        
          &lt;li&gt;
            
                api/v1/users/
                
            
                
                
            
                ^users/(?P&amp;lt;pk&amp;gt;[^/.]+)\.(?P&amp;lt;format&amp;gt;[a-z0-9]+)/?$
                [name='user-detail']
            
          &lt;/li&gt;
        
          &lt;li&gt;
            
                api/v1/users/
                
            
                
                
            
                ^$
                [name='api-root']
            
          &lt;/li&gt;
        
          &lt;li&gt;
            
                api/v1/users/
                
            
                
                
            
                ^\.(?P&amp;lt;format&amp;gt;[a-z0-9]+)/?$
                [name='api-root']
            
          &lt;/li&gt;
        
          &lt;li&gt;
            
                api/v1/users/
                
            
                register/
                [name='register']
            
          &lt;/li&gt;
        
          &lt;li&gt;
            
                api/v1/users/
                
            
                login/
                [name='login']
            
          &lt;/li&gt;
        
          &lt;li&gt;
            
                api/v1/products/
                
            
          &lt;/li&gt;
        
          &lt;li&gt;
            
                api/v1/cart/
                
            
          &lt;/li&gt;
        
          &lt;li&gt;
            
                api/v1/orders/
                
            
          &lt;/li&gt;
        
          &lt;li&gt;
            
                ^media/(?P&amp;lt;path&amp;gt;.*)$
                
            
          &lt;/li&gt;
        
      &lt;/ol&gt;
      &lt;p&gt;
        
          The current path, &lt;code&gt;api/v1/users/logout/&lt;/code&gt;,
        
        didn’t match any of these.
      &lt;/p&gt;
    
  &lt;/div&gt;

  &lt;div id=&quot;explanation&quot;&gt;
    &lt;p&gt;
      You’re seeing this error because you have &lt;code&gt;DEBUG = True&lt;/code&gt; in
      your Django settings file. Change that to &lt;code&gt;False&lt;/code&gt;, and Django
      will display a standard 404 page.
    &lt;/p&gt;
  &lt;/div&gt;
&lt;/body&gt;
&lt;/html&gt;
"><![CDATA[Traceback (most recent call last):
  File "d:\Siddartha Koppaka\Skyfab\backend\tests\test_api.py", line 93, in test_07_logout_user
    self.assertEqual(response.status_code, 200, f"Response: {response.text}")
AssertionError: 404 != 200 : Response: <!DOCTYPE html>
<html lang="en">
<head>
  <meta http-equiv="content-type" content="text/html; charset=utf-8">
  <title>Page not found at /api/v1/users/logout/</title>
  <meta name="robots" content="NONE,NOARCHIVE">
  <style type="text/css">
    html * { padding:0; margin:0; }
    body * { padding:10px 20px; }
    body * * { padding:0; }
    body { font:small sans-serif; background:#eee; color:#000; }
    body>div { border-bottom:1px solid #ddd; }
    h1 { font-weight:normal; margin-bottom:.4em; }
    h1 span { font-size:60%; color:#666; font-weight:normal; }
    table { border:none; border-collapse: collapse; width:100%; }
    td, th { vertical-align:top; padding:2px 3px; }
    th { width:12em; text-align:right; color:#666; padding-right:.5em; }
    #info { background:#f6f6f6; }
    #info ol { margin: 0.5em 4em; }
    #info ol li { font-family: monospace; }
    #summary { background: #ffc; }
    #explanation { background:#eee; border-bottom: 0px none; }
    pre.exception_value { font-family: sans-serif; color: #575757; font-size: 1.5em; margin: 10px 0 10px 0; }
  </style>
</head>
<body>
  <div id="summary">
    <h1>Page not found <span>(404)</span></h1>
    
    <table class="meta">
      <tr>
        <th>Request Method:</th>
        <td>POST</td>
      </tr>
      <tr>
        <th>Request URL:</th>
        <td>http://127.0.0.1:8000/api/v1/users/logout/</td>
      </tr>
      
    </table>
  </div>
  <div id="info">
    
      <p>
      Using the URLconf defined in <code>config.urls</code>,
      Django tried these URL patterns, in this order:
      </p>
      <ol>
        
          <li>
            
                admin/
                
            
          </li>
        
          <li>
            
                api/v1/users/
                
            
                
                
            
                ^users/$
                [name='user-list']
            
          </li>
        
          <li>
            
                api/v1/users/
                
            
                
                
            
                ^users\.(?P&lt;format&gt;[a-z0-9]+)/?$
                [name='user-list']
            
          </li>
        
          <li>
            
                api/v1/users/
                
            
                
                
            
                ^users/(?P&lt;pk&gt;[^/.]+)/$
                [name='user-detail']
            
          </li>
        
          <li>
            
                api/v1/users/
                
            
                
                
            
                ^users/(?P&lt;pk&gt;[^/.]+)\.(?P&lt;format&gt;[a-z0-9]+)/?$
                [name='user-detail']
            
          </li>
        
          <li>
            
                api/v1/users/
                
            
                
                
            
                ^$
                [name='api-root']
            
          </li>
        
          <li>
            
                api/v1/users/
                
            
                
                
            
                ^\.(?P&lt;format&gt;[a-z0-9]+)/?$
                [name='api-root']
            
          </li>
        
          <li>
            
                api/v1/users/
                
            
                register/
                [name='register']
            
          </li>
        
          <li>
            
                api/v1/users/
                
            
                login/
                [name='login']
            
          </li>
        
          <li>
            
                api/v1/products/
                
            
          </li>
        
          <li>
            
                api/v1/cart/
                
            
          </li>
        
          <li>
            
                api/v1/orders/
                
            
          </li>
        
          <li>
            
                ^media/(?P&lt;path&gt;.*)$
                
            
          </li>
        
      </ol>
      <p>
        
          The current path, <code>api/v1/users/logout/</code>,
        
        didn’t match any of these.
      </p>
    
  </div>

  <div id="explanation">
    <p>
      You’re seeing this error because you have <code>DEBUG = True</code> in
      your Django settings file. Change that to <code>False</code>, and Django
      will display a standard 404 page.
    </p>
  </div>
</body>
</html>

]]></failure>
		</testcase>
	</testsuite>
</testsuites>
